{"meta": {"format": 3, "version": "7.13.5", "timestamp": "2026-04-16T13:01:00.367519", "branch_coverage": false, "show_contexts": false}, "files": {"src/redup/__init__.py": {"executed_lines": [3, 5, 9, 10, 11, 13, 20, 21, 23], "summary": {"covered_lines": 9, "num_statements": 9, "percent_covered": 100.0, "percent_covered_display": "100", "missing_lines": 0, "excluded_lines": 0, "percent_statements_covered": 100.0, "percent_statements_covered_display": "100"}, "missing_lines": [], "excluded_lines": [], "functions": {"": {"executed_lines": [3, 5, 9, 10, 11, 13, 20, 21, 23], "summary": {"covered_lines": 9, "num_statements": 9, "percent_covered": 100.0, "percent_covered_display": "100", "missing_lines": 0, "excluded_lines": 0, "percent_statements_covered": 100.0, "percent_statements_covered_display": "100"}, "missing_lines": [], "excluded_lines": [], "start_line": 1}}, "classes": {"": {"executed_lines": [3, 5, 9, 10, 11, 13, 20, 21, 23], "summary": {"covered_lines": 9, "num_statements": 9, "percent_covered": 100.0, "percent_covered_display": "100", "missing_lines": 0, "excluded_lines": 0, "percent_statements_covered": 100.0, "percent_statements_covered_display": "100"}, "missing_lines": [], "excluded_lines": [], "start_line": 1}}}, "src/redup/__main__.py": {"executed_lines": [], "summary": {"covered_lines": 0, "num_statements": 2, "percent_covered": 0.0, "percent_covered_display": "0", "missing_lines": 2, "excluded_lines": 0, "percent_statements_covered": 0.0, "percent_statements_covered_display": "0"}, "missing_lines": [3, 5], "excluded_lines": [], "functions": {"": {"executed_lines": [], "summary": {"covered_lines": 0, "num_statements": 2, "percent_covered": 0.0, "percent_covered_display": "0", "missing_lines": 2, "excluded_lines": 0, "percent_statements_covered": 0.0, "percent_statements_covered_display": "0"}, "missing_lines": [3, 5], "excluded_lines": [], "start_line": 1}}, "classes": {"": {"executed_lines": [], "summary": {"covered_lines": 0, "num_statements": 2, "percent_covered": 0.0, "percent_covered_display": "0", "missing_lines": 2, "excluded_lines": 0, "percent_statements_covered": 0.0, "percent_statements_covered_display": "0"}, "missing_lines": [3, 5], "excluded_lines": [], "start_line": 1}}}, "src/redup/analysis_logic.py": {"executed_lines": [], "summary": {"covered_lines": 0, "num_statements": 10, "percent_covered": 0.0, "percent_covered_display": "0", "missing_lines": 10, "excluded_lines": 0, "percent_statements_covered": 0.0, "percent_statements_covered_display": "0"}, "missing_lines": [1, 2, 4, 5, 7, 8, 9, 11, 12, 16], "excluded_lines": [], "functions": {"_build_scan_config": {"executed_lines": [], "summary": {"covered_lines": 0, "num_statements": 7, "percent_covered": 0.0, "percent_covered_display": "0", "missing_lines": 7, "excluded_lines": 0, "percent_statements_covered": 0.0, "percent_statements_covered_display": "0"}, "missing_lines": [5, 7, 8, 9, 11, 12, 16], "excluded_lines": [], "start_line": 4}, "": {"executed_lines": [], "summary": {"covered_lines": 0, "num_statements": 3, "percent_covered": 0.0, "percent_covered_display": "0", "missing_lines": 3, "excluded_lines": 0, "percent_statements_covered": 0.0, "percent_statements_covered_display": "0"}, "missing_lines": [1, 2, 4], "excluded_lines": [], "start_line": 1}}, "classes": {"": {"executed_lines": [], "summary": {"covered_lines": 0, "num_statements": 10, "percent_covered": 0.0, "percent_covered_display": "0", "missing_lines": 10, "excluded_lines": 0, "percent_statements_covered": 0.0, "percent_statements_covered_display": "0"}, "missing_lines": [1, 2, 4, 5, 7, 8, 9, 11, 12, 16], "excluded_lines": [], "start_line": 1}}}, "src/redup/cli_app/__init__.py": {"executed_lines": [], "summary": {"covered_lines": 0, "num_statements": 0, "percent_covered": 100.0, "percent_covered_display": "100", "missing_lines": 0, "excluded_lines": 0, "percent_statements_covered": 100.0, "percent_statements_covered_display": "100"}, "missing_lines": [], "excluded_lines": [], "functions": {"": {"executed_lines": [], "summary": {"covered_lines": 0, "num_statements": 0, "percent_covered": 100.0, "percent_covered_display": "100", "missing_lines": 0, "excluded_lines": 0, "percent_statements_covered": 100.0, "percent_statements_covered_display": "100"}, "missing_lines": [], "excluded_lines": [], "start_line": 1}}, "classes": {"": {"executed_lines": [], "summary": {"covered_lines": 0, "num_statements": 0, "percent_covered": 100.0, "percent_covered_display": "100", "missing_lines": 0, "excluded_lines": 0, "percent_statements_covered": 100.0, "percent_statements_covered_display": "100"}, "missing_lines": [], "excluded_lines": [], "start_line": 1}}}, "src/redup/cli_app/config_builder.py": {"executed_lines": [3, 4, 6, 7, 10, 22, 38, 39, 42, 43, 44, 45, 46, 48, 49, 50, 51, 54, 55, 57], "summary": {"covered_lines": 20, "num_statements": 23, "percent_covered": 86.95652173913044, "percent_covered_display": "87", "missing_lines": 3, "excluded_lines": 0, "percent_statements_covered": 86.95652173913044, "percent_statements_covered_display": "87"}, "missing_lines": [18, 19, 47], "excluded_lines": [], "functions": {"build_config": {"executed_lines": [], "summary": {"covered_lines": 0, "num_statements": 2, "percent_covered": 0.0, "percent_covered_display": "0", "missing_lines": 2, "excluded_lines": 0, "percent_statements_covered": 0.0, "percent_statements_covered_display": "0"}, "missing_lines": [18, 19], "excluded_lines": [], "start_line": 10}, "build_config_with_file_support": {"executed_lines": [38, 39, 42, 43, 44, 45, 46, 48, 49, 50, 51, 54, 55, 57], "summary": {"covered_lines": 14, "num_statements": 15, "percent_covered": 93.33333333333333, "percent_covered_display": "93", "missing_lines": 1, "excluded_lines": 0, "percent_statements_covered": 93.33333333333333, "percent_statements_covered_display": "93"}, "missing_lines": [47], "excluded_lines": [], "start_line": 22}, "": {"executed_lines": [3, 4, 6, 7, 10, 22], "summary": {"covered_lines": 6, "num_statements": 6, "percent_covered": 100.0, "percent_covered_display": "100", "missing_lines": 0, "excluded_lines": 0, "percent_statements_covered": 100.0, "percent_statements_covered_display": "100"}, "missing_lines": [], "excluded_lines": [], "start_line": 1}}, "classes": {"": {"executed_lines": [3, 4, 6, 7, 10, 22, 38, 39, 42, 43, 44, 45, 46, 48, 49, 50, 51, 54, 55, 57], "summary": {"covered_lines": 20, "num_statements": 23, "percent_covered": 86.95652173913044, "percent_covered_display": "87", "missing_lines": 3, "excluded_lines": 0, "percent_statements_covered": 86.95652173913044, "percent_statements_covered_display": "87"}, "missing_lines": [18, 19, 47], "excluded_lines": [], "start_line": 1}}}, "src/redup/cli_app/fuzzy_similarity.py": {"executed_lines": [], "summary": {"covered_lines": 0, "num_statements": 89, "percent_covered": 0.0, "percent_covered_display": "0", "missing_lines": 89, "excluded_lines": 0, "percent_statements_covered": 0.0, "percent_statements_covered_display": "0"}, "missing_lines": [3, 4, 6, 9, 11, 12, 13, 14, 16, 17, 18, 19, 21, 23, 24, 26, 27, 30, 32, 34, 35, 36, 37, 39, 40, 42, 43, 45, 48, 50, 52, 53, 54, 56, 64, 65, 68, 70, 73, 75, 78, 80, 83, 84, 85, 86, 87, 90, 91, 92, 93, 94, 96, 99, 101, 103, 104, 107, 109, 111, 112, 115, 117, 118, 121, 124, 125, 127, 128, 134, 137, 139, 140, 141, 142, 143, 146, 147, 148, 149, 150, 151, 152, 153, 155, 156, 157, 158, 160], "excluded_lines": [], "functions": {"_apply_fuzzy_similarity": {"executed_lines": [], "summary": {"covered_lines": 0, "num_statements": 13, "percent_covered": 0.0, "percent_covered_display": "0", "missing_lines": 13, "excluded_lines": 0, "percent_statements_covered": 0.0, "percent_statements_covered_display": "0"}, "missing_lines": [11, 12, 13, 14, 16, 17, 18, 19, 21, 23, 24, 26, 27], "excluded_lines": [], "start_line": 9}, "_validate_fuzzy_input": {"executed_lines": [], "summary": {"covered_lines": 0, "num_statements": 10, "percent_covered": 0.0, "percent_covered_display": "0", "missing_lines": 10, "excluded_lines": 0, "percent_statements_covered": 0.0, "percent_statements_covered_display": "0"}, "missing_lines": [32, 34, 35, 36, 37, 39, 40, 42, 43, 45], "excluded_lines": [], "start_line": 30}, "_extract_all_blocks": {"executed_lines": [], "summary": {"covered_lines": 0, "num_statements": 7, "percent_covered": 0.0, "percent_covered_display": "0", "missing_lines": 7, "excluded_lines": 0, "percent_statements_covered": 0.0, "percent_statements_covered_display": "0"}, "missing_lines": [50, 52, 53, 54, 56, 64, 65], "excluded_lines": [], "start_line": 48}, "_separate_blocks_by_type": {"executed_lines": [], "summary": {"covered_lines": 0, "num_statements": 3, "percent_covered": 0.0, "percent_covered_display": "0", "missing_lines": 3, "excluded_lines": 0, "percent_statements_covered": 0.0, "percent_statements_covered_display": "0"}, "missing_lines": [70, 73, 75], "excluded_lines": [], "start_line": 68}, "_analyze_blocks_with_detectors": {"executed_lines": [], "summary": {"covered_lines": 0, "num_statements": 12, "percent_covered": 0.0, "percent_covered_display": "0", "missing_lines": 12, "excluded_lines": 0, "percent_statements_covered": 0.0, "percent_statements_covered_display": "0"}, "missing_lines": [80, 83, 84, 85, 86, 87, 90, 91, 92, 93, 94, 96], "excluded_lines": [], "start_line": 78}, "_analyze_html_css_blocks": {"executed_lines": [], "summary": {"covered_lines": 0, "num_statements": 3, "percent_covered": 0.0, "percent_covered_display": "0", "missing_lines": 3, "excluded_lines": 0, "percent_statements_covered": 0.0, "percent_statements_covered_display": "0"}, "missing_lines": [101, 103, 104], "excluded_lines": [], "start_line": 99}, "_analyze_other_language_blocks": {"executed_lines": [], "summary": {"covered_lines": 0, "num_statements": 3, "percent_covered": 0.0, "percent_covered_display": "0", "missing_lines": 3, "excluded_lines": 0, "percent_statements_covered": 0.0, "percent_statements_covered_display": "0"}, "missing_lines": [109, 111, 112], "excluded_lines": [], "start_line": 107}, "_report_fuzzy_results": {"executed_lines": [], "summary": {"covered_lines": 0, "num_statements": 8, "percent_covered": 0.0, "percent_covered_display": "0", "missing_lines": 8, "excluded_lines": 0, "percent_statements_covered": 0.0, "percent_statements_covered_display": "0"}, "missing_lines": [117, 118, 121, 124, 125, 127, 128, 134], "excluded_lines": [], "start_line": 115}, "_report_similarity_by_groups": {"executed_lines": [], "summary": {"covered_lines": 0, "num_statements": 18, "percent_covered": 0.0, "percent_covered_display": "0", "missing_lines": 18, "excluded_lines": 0, "percent_statements_covered": 0.0, "percent_statements_covered_display": "0"}, "missing_lines": [139, 140, 141, 142, 143, 146, 147, 148, 149, 150, 151, 152, 153, 155, 156, 157, 158, 160], "excluded_lines": [], "start_line": 137}, "": {"executed_lines": [], "summary": {"covered_lines": 0, "num_statements": 12, "percent_covered": 0.0, "percent_covered_display": "0", "missing_lines": 12, "excluded_lines": 0, "percent_statements_covered": 0.0, "percent_statements_covered_display": "0"}, "missing_lines": [3, 4, 6, 9, 30, 48, 68, 78, 99, 107, 115, 137], "excluded_lines": [], "start_line": 1}}, "classes": {"_validate_fuzzy_input.FuzzyValidationResult": {"executed_lines": [], "summary": {"covered_lines": 0, "num_statements": 0, "percent_covered": 100.0, "percent_covered_display": "100", "missing_lines": 0, "excluded_lines": 0, "percent_statements_covered": 100.0, "percent_statements_covered_display": "100"}, "missing_lines": [], "excluded_lines": [], "start_line": 35}, "": {"executed_lines": [], "summary": {"covered_lines": 0, "num_statements": 89, "percent_covered": 0.0, "percent_covered_display": "0", "missing_lines": 89, "excluded_lines": 0, "percent_statements_covered": 0.0, "percent_statements_covered_display": "0"}, "missing_lines": [3, 4, 6, 9, 11, 12, 13, 14, 16, 17, 18, 19, 21, 23, 24, 26, 27, 30, 32, 34, 35, 36, 37, 39, 40, 42, 43, 45, 48, 50, 52, 53, 54, 56, 64, 65, 68, 70, 73, 75, 78, 80, 83, 84, 85, 86, 87, 90, 91, 92, 93, 94, 96, 99, 101, 103, 104, 107, 109, 111, 112, 115, 117, 118, 121, 124, 125, 127, 128, 134, 137, 139, 140, 141, 142, 143, 146, 147, 148, 149, 150, 151, 152, 153, 155, 156, 157, 158, 160], "excluded_lines": [], "start_line": 1}}}, "src/redup/cli_app/main.py": {"executed_lines": [3, 5, 6, 7, 8, 10, 13, 15, 16, 17, 18, 21, 22, 23, 26, 28, 35, 38, 39, 40, 43, 44, 118, 125, 126, 134, 135, 172, 173, 189, 190, 192, 195], "summary": {"covered_lines": 33, "num_statements": 37, "percent_covered": 89.1891891891892, "percent_covered_display": "89", "missing_lines": 4, "excluded_lines": 0, "percent_statements_covered": 89.1891891891892, "percent_statements_covered_display": "89"}, "missing_lines": [131, 169, 186, 196], "excluded_lines": [], "functions": {"scan": {"executed_lines": [118], "summary": {"covered_lines": 1, "num_statements": 1, "percent_covered": 100.0, "percent_covered_display": "100", "missing_lines": 0, "excluded_lines": 0, "percent_statements_covered": 100.0, "percent_statements_covered_display": "100"}, "missing_lines": [], "excluded_lines": [], "start_line": 44}, "diff": {"executed_lines": [], "summary": {"covered_lines": 0, "num_statements": 1, "percent_covered": 0.0, "percent_covered_display": "0", "missing_lines": 1, "excluded_lines": 0, "percent_statements_covered": 0.0, "percent_statements_covered_display": "0"}, "missing_lines": [131], "excluded_lines": [], "start_line": 126}, "check": {"executed_lines": [], "summary": {"covered_lines": 0, "num_statements": 1, "percent_covered": 0.0, "percent_covered_display": "0", "missing_lines": 1, "excluded_lines": 0, "percent_statements_covered": 0.0, "percent_statements_covered_display": "0"}, "missing_lines": [169], "excluded_lines": [], "start_line": 135}, "config": {"executed_lines": [], "summary": {"covered_lines": 0, "num_statements": 1, "percent_covered": 0.0, "percent_covered_display": "0", "missing_lines": 1, "excluded_lines": 0, "percent_statements_covered": 0.0, "percent_statements_covered_display": "0"}, "missing_lines": [186], "excluded_lines": [], "start_line": 173}, "info": {"executed_lines": [192], "summary": {"covered_lines": 1, "num_statements": 1, "percent_covered": 100.0, "percent_covered_display": "100", "missing_lines": 0, "excluded_lines": 0, "percent_statements_covered": 100.0, "percent_statements_covered_display": "100"}, "missing_lines": [], "excluded_lines": [], "start_line": 190}, "": {"executed_lines": [3, 5, 6, 7, 8, 10, 13, 15, 16, 17, 18, 21, 22, 23, 26, 28, 35, 38, 39, 40, 43, 44, 125, 126, 134, 135, 172, 173, 189, 190, 195], "summary": {"covered_lines": 31, "num_statements": 32, "percent_covered": 96.875, "percent_covered_display": "97", "missing_lines": 1, "excluded_lines": 0, "percent_statements_covered": 96.875, "percent_statements_covered_display": "97"}, "missing_lines": [196], "excluded_lines": [], "start_line": 1}}, "classes": {"": {"executed_lines": [3, 5, 6, 7, 8, 10, 13, 15, 16, 17, 18, 21, 22, 23, 26, 28, 35, 38, 39, 40, 43, 44, 118, 125, 126, 134, 135, 172, 173, 189, 190, 192, 195], "summary": {"covered_lines": 33, "num_statements": 37, "percent_covered": 89.1891891891892, "percent_covered_display": "89", "missing_lines": 4, "excluded_lines": 0, "percent_statements_covered": 89.1891891891892, "percent_statements_covered_display": "89"}, "missing_lines": [131, 169, 186, 196], "excluded_lines": [], "start_line": 1}}}, "src/redup/cli_app/output_writer.py": {"executed_lines": [3, 4, 6, 7, 8, 9, 10, 11, 12, 13, 16, 18, 20, 21, 22, 23, 24, 26, 29, 31, 33, 34, 35, 36, 37, 38, 39, 40, 41, 42, 45, 49, 56, 58, 66, 68, 69, 73, 74, 75, 76], "summary": {"covered_lines": 41, "num_statements": 53, "percent_covered": 77.35849056603773, "percent_covered_display": "77", "missing_lines": 12, "excluded_lines": 0, "percent_statements_covered": 77.35849056603773, "percent_statements_covered_display": "77"}, "missing_lines": [43, 44, 46, 47, 48, 50, 51, 52, 55, 71, 78, 79], "excluded_lines": [], "functions": {"write_output": {"executed_lines": [18, 20, 21, 22, 23, 24, 26], "summary": {"covered_lines": 7, "num_statements": 7, "percent_covered": 100.0, "percent_covered_display": "100", "missing_lines": 0, "excluded_lines": 0, "percent_statements_covered": 100.0, "percent_statements_covered_display": "100"}, "missing_lines": [], "excluded_lines": [], "start_line": 16}, "write_results": {"executed_lines": [31, 33, 34, 35, 36, 37, 38, 39, 40, 41, 42, 45, 49, 56, 58, 66, 68, 69, 73, 74, 75, 76], "summary": {"covered_lines": 22, "num_statements": 34, "percent_covered": 64.70588235294117, "percent_covered_display": "65", "missing_lines": 12, "excluded_lines": 0, "percent_statements_covered": 64.70588235294117, "percent_statements_covered_display": "65"}, "missing_lines": [43, 44, 46, 47, 48, 50, 51, 52, 55, 71, 78, 79], "excluded_lines": [], "start_line": 29}, "": {"executed_lines": [3, 4, 6, 7, 8, 9, 10, 11, 12, 13, 16, 29], "summary": {"covered_lines": 12, "num_statements": 12, "percent_covered": 100.0, "percent_covered_display": "100", "missing_lines": 0, "excluded_lines": 0, "percent_statements_covered": 100.0, "percent_statements_covered_display": "100"}, "missing_lines": [], "excluded_lines": [], "start_line": 1}}, "classes": {"": {"executed_lines": [3, 4, 6, 7, 8, 9, 10, 11, 12, 13, 16, 18, 20, 21, 22, 23, 24, 26, 29, 31, 33, 34, 35, 36, 37, 38, 39, 40, 41, 42, 45, 49, 56, 58, 66, 68, 69, 73, 74, 75, 76], "summary": {"covered_lines": 41, "num_statements": 53, "percent_covered": 77.35849056603773, "percent_covered_display": "77", "missing_lines": 12, "excluded_lines": 0, "percent_statements_covered": 77.35849056603773, "percent_statements_covered_display": "77"}, "missing_lines": [43, 44, 46, 47, 48, 50, 51, 52, 55, 71, 78, 79], "excluded_lines": [], "start_line": 1}}}, "src/redup/cli_app/scan_commands.py": {"executed_lines": [3, 4, 6, 8, 9, 10, 11, 12, 13, 16, 36, 37, 45, 48, 50, 51, 56, 60, 63, 64, 67, 80, 111, 141, 143, 144, 146, 147, 148, 151, 158, 159, 160, 161, 162], "summary": {"covered_lines": 35, "num_statements": 80, "percent_covered": 43.75, "percent_covered_display": "44", "missing_lines": 45, "excluded_lines": 0, "percent_statements_covered": 43.75, "percent_statements_covered_display": "44"}, "missing_lines": [42, 49, 53, 57, 69, 71, 72, 73, 74, 75, 76, 77, 91, 95, 97, 98, 101, 102, 103, 104, 105, 106, 108, 115, 116, 117, 118, 119, 120, 121, 122, 124, 125, 126, 128, 129, 130, 131, 132, 133, 134, 135, 138, 163, 164], "excluded_lines": [], "functions": {"scan_command": {"executed_lines": [36, 37, 45, 48, 50, 51, 56, 60, 63, 64], "summary": {"covered_lines": 10, "num_statements": 14, "percent_covered": 71.42857142857143, "percent_covered_display": "71", "missing_lines": 4, "excluded_lines": 0, "percent_statements_covered": 71.42857142857143, "percent_statements_covered_display": "71"}, "missing_lines": [42, 49, 53, 57], "excluded_lines": [], "start_line": 16}, "diff_command": {"executed_lines": [], "summary": {"covered_lines": 0, "num_statements": 8, "percent_covered": 0.0, "percent_covered_display": "0", "missing_lines": 8, "excluded_lines": 0, "percent_statements_covered": 0.0, "percent_statements_covered_display": "0"}, "missing_lines": [69, 71, 72, 73, 74, 75, 76, 77], "excluded_lines": [], "start_line": 67}, "check_command": {"executed_lines": [], "summary": {"covered_lines": 0, "num_statements": 11, "percent_covered": 0.0, "percent_covered_display": "0", "missing_lines": 11, "excluded_lines": 0, "percent_statements_covered": 0.0, "percent_statements_covered_display": "0"}, "missing_lines": [91, 95, 97, 98, 101, 102, 103, 104, 105, 106, 108], "excluded_lines": [], "start_line": 80}, "config_command": {"executed_lines": [], "summary": {"covered_lines": 0, "num_statements": 20, "percent_covered": 0.0, "percent_covered_display": "0", "missing_lines": 20, "excluded_lines": 0, "percent_statements_covered": 0.0, "percent_statements_covered_display": "0"}, "missing_lines": [115, 116, 117, 118, 119, 120, 121, 122, 124, 125, 126, 128, 129, 130, 131, 132, 133, 134, 135, 138], "excluded_lines": [], "start_line": 111}, "info_command": {"executed_lines": [143, 144, 146, 147, 148, 151, 158, 159, 160, 161, 162], "summary": {"covered_lines": 11, "num_statements": 13, "percent_covered": 84.61538461538461, "percent_covered_display": "85", "missing_lines": 2, "excluded_lines": 0, "percent_statements_covered": 84.61538461538461, "percent_statements_covered_display": "85"}, "missing_lines": [163, 164], "excluded_lines": [], "start_line": 141}, "": {"executed_lines": [3, 4, 6, 8, 9, 10, 11, 12, 13, 16, 67, 80, 111, 141], "summary": {"covered_lines": 14, "num_statements": 14, "percent_covered": 100.0, "percent_covered_display": "100", "missing_lines": 0, "excluded_lines": 0, "percent_statements_covered": 100.0, "percent_statements_covered_display": "100"}, "missing_lines": [], "excluded_lines": [], "start_line": 1}}, "classes": {"": {"executed_lines": [3, 4, 6, 8, 9, 10, 11, 12, 13, 16, 36, 37, 45, 48, 50, 51, 56, 60, 63, 64, 67, 80, 111, 141, 143, 144, 146, 147, 148, 151, 158, 159, 160, 161, 162], "summary": {"covered_lines": 35, "num_statements": 80, "percent_covered": 43.75, "percent_covered_display": "44", "missing_lines": 45, "excluded_lines": 0, "percent_statements_covered": 43.75, "percent_statements_covered_display": "44"}, "missing_lines": [42, 49, 53, 57, 69, 71, 72, 73, 74, 75, 76, 77, 91, 95, 97, 98, 101, 102, 103, 104, 105, 106, 108, 115, 116, 117, 118, 119, 120, 121, 122, 124, 125, 126, 128, 129, 130, 131, 132, 133, 134, 135, 138, 163, 164], "excluded_lines": [], "start_line": 1}}}, "src/redup/cli_app/scan_helpers.py": {"executed_lines": [3, 4, 6, 8, 11, 13, 14, 15, 16, 17, 20, 22, 25, 28, 31], "summary": {"covered_lines": 15, "num_statements": 17, "percent_covered": 88.23529411764706, "percent_covered_display": "88", "missing_lines": 2, "excluded_lines": 0, "percent_statements_covered": 88.23529411764706, "percent_statements_covered_display": "88"}, "missing_lines": [33, 34], "excluded_lines": [], "functions": {"print_scan_header": {"executed_lines": [13, 14, 15, 16, 17], "summary": {"covered_lines": 5, "num_statements": 5, "percent_covered": 100.0, "percent_covered_display": "100", "missing_lines": 0, "excluded_lines": 0, "percent_statements_covered": 100.0, "percent_statements_covered_display": "100"}, "missing_lines": [], "excluded_lines": [], "start_line": 11}, "print_scan_summary": {"executed_lines": [22, 25, 28], "summary": {"covered_lines": 3, "num_statements": 3, "percent_covered": 100.0, "percent_covered_display": "100", "missing_lines": 0, "excluded_lines": 0, "percent_statements_covered": 100.0, "percent_statements_covered_display": "100"}, "missing_lines": [], "excluded_lines": [], "start_line": 20}, "apply_fuzzy_similarity": {"executed_lines": [], "summary": {"covered_lines": 0, "num_statements": 2, "percent_covered": 0.0, "percent_covered_display": "0", "missing_lines": 2, "excluded_lines": 0, "percent_statements_covered": 0.0, "percent_statements_covered_display": "0"}, "missing_lines": [33, 34], "excluded_lines": [], "start_line": 31}, "": {"executed_lines": [3, 4, 6, 8, 11, 20, 31], "summary": {"covered_lines": 7, "num_statements": 7, "percent_covered": 100.0, "percent_covered_display": "100", "missing_lines": 0, "excluded_lines": 0, "percent_statements_covered": 100.0, "percent_statements_covered_display": "100"}, "missing_lines": [], "excluded_lines": [], "start_line": 1}}, "classes": {"": {"executed_lines": [3, 4, 6, 8, 11, 13, 14, 15, 16, 17, 20, 22, 25, 28, 31], "summary": {"covered_lines": 15, "num_statements": 17, "percent_covered": 88.23529411764706, "percent_covered_display": "88", "missing_lines": 2, "excluded_lines": 0, "percent_statements_covered": 88.23529411764706, "percent_statements_covered_display": "88"}, "missing_lines": [33, 34], "excluded_lines": [], "start_line": 1}}}, "src/redup/config.py": {"executed_lines": [15, 17, 18, 19, 22, 23, 26, 27, 33, 43, 44, 45, 48, 49, 50, 51, 54, 55, 56, 57, 58, 61, 62, 65, 66, 67, 70, 72, 73, 75, 77, 78, 80, 81, 82, 83, 84, 85, 102, 104, 105, 112, 113, 117, 118, 122, 125, 126, 132, 133, 142, 145, 148, 158, 163, 164, 167, 168, 171, 174], "summary": {"covered_lines": 60, "num_statements": 89, "percent_covered": 67.41573033707866, "percent_covered_display": "67", "missing_lines": 29, "excluded_lines": 0, "percent_statements_covered": 67.41573033707866, "percent_statements_covered_display": "67"}, "missing_lines": [28, 29, 30, 87, 88, 89, 90, 91, 92, 93, 94, 95, 96, 97, 98, 99, 101, 114, 115, 119, 123, 128, 129, 130, 135, 136, 138, 159, 182], "excluded_lines": [], "functions": {"RedupConfig._env_name": {"executed_lines": [75], "summary": {"covered_lines": 1, "num_statements": 1, "percent_covered": 100.0, "percent_covered_display": "100", "missing_lines": 0, "excluded_lines": 0, "percent_statements_covered": 100.0, "percent_statements_covered_display": "100"}, "missing_lines": [], "excluded_lines": [], "start_line": 73}, "RedupConfig._load_from_env": {"executed_lines": [80, 81, 82, 83, 84, 85, 102], "summary": {"covered_lines": 7, "num_statements": 21, "percent_covered": 33.333333333333336, "percent_covered_display": "33", "missing_lines": 14, "excluded_lines": 0, "percent_statements_covered": 33.333333333333336, "percent_statements_covered_display": "33"}, "missing_lines": [87, 88, 89, 90, 91, 92, 93, 94, 95, 96, 97, 98, 99, 101], "excluded_lines": [], "start_line": 78}, "RedupConfig.reload": {"executed_lines": [112, 113, 117, 118, 122], "summary": {"covered_lines": 5, "num_statements": 9, "percent_covered": 55.55555555555556, "percent_covered_display": "56", "missing_lines": 4, "excluded_lines": 0, "percent_statements_covered": 55.55555555555556, "percent_statements_covered_display": "56"}, "missing_lines": [114, 115, 119, 123], "excluded_lines": [], "start_line": 105}, "RedupConfig.get": {"executed_lines": [], "summary": {"covered_lines": 0, "num_statements": 3, "percent_covered": 0.0, "percent_covered_display": "0", "missing_lines": 3, "excluded_lines": 0, "percent_statements_covered": 0.0, "percent_statements_covered_display": "0"}, "missing_lines": [128, 129, 130], "excluded_lines": [], "start_line": 126}, "RedupConfig.set": {"executed_lines": [], "summary": {"covered_lines": 0, "num_statements": 3, "percent_covered": 0.0, "percent_covered_display": "0", "missing_lines": 3, "excluded_lines": 0, "percent_statements_covered": 0.0, "percent_statements_covered_display": "0"}, "missing_lines": [135, 136, 138], "excluded_lines": [], "start_line": 133}, "get_default_filename": {"executed_lines": [158, 163, 164, 167, 168, 171], "summary": {"covered_lines": 6, "num_statements": 7, "percent_covered": 85.71428571428571, "percent_covered_display": "86", "missing_lines": 1, "excluded_lines": 0, "percent_statements_covered": 85.71428571428571, "percent_statements_covered_display": "86"}, "missing_lines": [159], "excluded_lines": [], "start_line": 148}, "reload_config": {"executed_lines": [], "summary": {"covered_lines": 0, "num_statements": 1, "percent_covered": 0.0, "percent_covered_display": "0", "missing_lines": 1, "excluded_lines": 0, "percent_statements_covered": 0.0, "percent_statements_covered_display": "0"}, "missing_lines": [182], "excluded_lines": [], "start_line": 174}, "": {"executed_lines": [15, 17, 18, 19, 22, 23, 26, 27, 33, 43, 44, 45, 48, 49, 50, 51, 54, 55, 56, 57, 58, 61, 62, 65, 66, 67, 70, 72, 73, 77, 78, 104, 105, 125, 126, 132, 133, 142, 145, 148, 174], "summary": {"covered_lines": 41, "num_statements": 44, "percent_covered": 93.18181818181819, "percent_covered_display": "93", "missing_lines": 3, "excluded_lines": 0, "percent_statements_covered": 93.18181818181819, "percent_statements_covered_display": "93"}, "missing_lines": [28, 29, 30], "excluded_lines": [], "start_line": 1}}, "classes": {"RedupConfig": {"executed_lines": [75, 80, 81, 82, 83, 84, 85, 102, 112, 113, 117, 118, 122], "summary": {"covered_lines": 13, "num_statements": 37, "percent_covered": 35.13513513513514, "percent_covered_display": "35", "missing_lines": 24, "excluded_lines": 0, "percent_statements_covered": 35.13513513513514, "percent_statements_covered_display": "35"}, "missing_lines": [87, 88, 89, 90, 91, 92, 93, 94, 95, 96, 97, 98, 99, 101, 114, 115, 119, 123, 128, 129, 130, 135, 136, 138], "excluded_lines": [], "start_line": 33}, "": {"executed_lines": [15, 17, 18, 19, 22, 23, 26, 27, 33, 43, 44, 45, 48, 49, 50, 51, 54, 55, 56, 57, 58, 61, 62, 65, 66, 67, 70, 72, 73, 77, 78, 104, 105, 125, 126, 132, 133, 142, 145, 148, 158, 163, 164, 167, 168, 171, 174], "summary": {"covered_lines": 47, "num_statements": 52, "percent_covered": 90.38461538461539, "percent_covered_display": "90", "missing_lines": 5, "excluded_lines": 0, "percent_statements_covered": 90.38461538461539, "percent_statements_covered_display": "90"}, "missing_lines": [28, 29, 30, 159, 182], "excluded_lines": [], "start_line": 1}}}, "src/redup/config_handler.py": {"executed_lines": [], "summary": {"covered_lines": 0, "num_statements": 3, "percent_covered": 0.0, "percent_covered_display": "0", "missing_lines": 3, "excluded_lines": 0, "percent_statements_covered": 0.0, "percent_statements_covered_display": "0"}, "missing_lines": [1, 3, 11], "excluded_lines": [], "functions": {"": {"executed_lines": [], "summary": {"covered_lines": 0, "num_statements": 3, "percent_covered": 0.0, "percent_covered_display": "0", "missing_lines": 3, "excluded_lines": 0, "percent_statements_covered": 0.0, "percent_statements_covered_display": "0"}, "missing_lines": [1, 3, 11], "excluded_lines": [], "start_line": 1}}, "classes": {"": {"executed_lines": [], "summary": {"covered_lines": 0, "num_statements": 3, "percent_covered": 0.0, "percent_covered_display": "0", "missing_lines": 3, "excluded_lines": 0, "percent_statements_covered": 0.0, "percent_statements_covered_display": "0"}, "missing_lines": [1, 3, 11], "excluded_lines": [], "start_line": 1}}}, "src/redup/core/__init__.py": {"executed_lines": [], "summary": {"covered_lines": 0, "num_statements": 0, "percent_covered": 100.0, "percent_covered_display": "100", "missing_lines": 0, "excluded_lines": 0, "percent_statements_covered": 100.0, "percent_statements_covered_display": "100"}, "missing_lines": [], "excluded_lines": [], "functions": {"": {"executed_lines": [], "summary": {"covered_lines": 0, "num_statements": 0, "percent_covered": 100.0, "percent_covered_display": "100", "missing_lines": 0, "excluded_lines": 0, "percent_statements_covered": 100.0, "percent_statements_covered_display": "100"}, "missing_lines": [], "excluded_lines": [], "start_line": 1}}, "classes": {"": {"executed_lines": [], "summary": {"covered_lines": 0, "num_statements": 0, "percent_covered": 100.0, "percent_covered_display": "100", "missing_lines": 0, "excluded_lines": 0, "percent_statements_covered": 100.0, "percent_statements_covered_display": "100"}, "missing_lines": [], "excluded_lines": [], "start_line": 1}}}, "src/redup/core/cache.py": {"executed_lines": [3, 5, 6, 7, 8, 9, 11, 12, 15, 22, 29, 60, 64, 83, 111, 148, 169, 191, 225], "summary": {"covered_lines": 19, "num_statements": 103, "percent_covered": 18.446601941747574, "percent_covered_display": "18", "missing_lines": 84, "excluded_lines": 0, "percent_statements_covered": 18.446601941747574, "percent_statements_covered_display": "18"}, "missing_lines": [24, 25, 26, 27, 31, 40, 53, 58, 62, 66, 67, 68, 70, 74, 76, 77, 78, 79, 81, 90, 91, 92, 94, 96, 102, 103, 104, 105, 107, 108, 109, 113, 114, 115, 116, 119, 126, 131, 136, 137, 143, 144, 146, 150, 151, 153, 160, 165, 166, 167, 171, 172, 173, 175, 176, 178, 179, 181, 187, 188, 210, 211, 214, 215, 216, 219, 220, 222, 235, 237, 238, 240, 241, 242, 244, 245, 248, 253, 254, 255, 258, 264, 265, 267], "excluded_lines": [], "functions": {"HashCache.__init__": {"executed_lines": [], "summary": {"covered_lines": 0, "num_statements": 4, "percent_covered": 0.0, "percent_covered_display": "0", "missing_lines": 4, "excluded_lines": 0, "percent_statements_covered": 0.0, "percent_statements_covered_display": "0"}, "missing_lines": [24, 25, 26, 27], "excluded_lines": [], "start_line": 22}, "HashCache._init_tables": {"executed_lines": [], "summary": {"covered_lines": 0, "num_statements": 4, "percent_covered": 0.0, "percent_covered_display": "0", "missing_lines": 4, "excluded_lines": 0, "percent_statements_covered": 0.0, "percent_statements_covered_display": "0"}, "missing_lines": [31, 40, 53, 58], "excluded_lines": [], "start_line": 29}, "HashCache._get_file_hash": {"executed_lines": [], "summary": {"covered_lines": 0, "num_statements": 1, "percent_covered": 0.0, "percent_covered_display": "0", "missing_lines": 1, "excluded_lines": 0, "percent_statements_covered": 0.0, "percent_statements_covered_display": "0"}, "missing_lines": [62], "excluded_lines": [], "start_line": 60}, "HashCache.is_file_unchanged": {"executed_lines": [], "summary": {"covered_lines": 0, "num_statements": 10, "percent_covered": 0.0, "percent_covered_display": "0", "missing_lines": 10, "excluded_lines": 0, "percent_statements_covered": 0.0, "percent_statements_covered_display": "0"}, "missing_lines": [66, 67, 68, 70, 74, 76, 77, 78, 79, 81], "excluded_lines": [], "start_line": 64}, "HashCache.get_cached_block_hashes": {"executed_lines": [], "summary": {"covered_lines": 0, "num_statements": 12, "percent_covered": 0.0, "percent_covered_display": "0", "missing_lines": 12, "excluded_lines": 0, "percent_statements_covered": 0.0, "percent_statements_covered_display": "0"}, "missing_lines": [90, 91, 92, 94, 96, 102, 103, 104, 105, 107, 108, 109], "excluded_lines": [], "start_line": 83}, "HashCache.store_file_hashes": {"executed_lines": [], "summary": {"covered_lines": 0, "num_statements": 12, "percent_covered": 0.0, "percent_covered_display": "0", "missing_lines": 12, "excluded_lines": 0, "percent_statements_covered": 0.0, "percent_statements_covered_display": "0"}, "missing_lines": [113, 114, 115, 116, 119, 126, 131, 136, 137, 143, 144, 146], "excluded_lines": [], "start_line": 111}, "HashCache.cleanup_old_entries": {"executed_lines": [], "summary": {"covered_lines": 0, "num_statements": 7, "percent_covered": 0.0, "percent_covered_display": "0", "missing_lines": 7, "excluded_lines": 0, "percent_statements_covered": 0.0, "percent_statements_covered_display": "0"}, "missing_lines": [150, 151, 153, 160, 165, 166, 167], "excluded_lines": [], "start_line": 148}, "HashCache.get_stats": {"executed_lines": [], "summary": {"covered_lines": 0, "num_statements": 10, "percent_covered": 0.0, "percent_covered_display": "0", "missing_lines": 10, "excluded_lines": 0, "percent_statements_covered": 0.0, "percent_statements_covered_display": "0"}, "missing_lines": [171, 172, 173, 175, 176, 178, 179, 181, 187, 188], "excluded_lines": [], "start_line": 169}, "hash_block_with_cache": {"executed_lines": [], "summary": {"covered_lines": 0, "num_statements": 8, "percent_covered": 0.0, "percent_covered_display": "0", "missing_lines": 8, "excluded_lines": 0, "percent_statements_covered": 0.0, "percent_statements_covered_display": "0"}, "missing_lines": [210, 211, 214, 215, 216, 219, 220, 222], "excluded_lines": [], "start_line": 191}, "build_hash_index_with_cache": {"executed_lines": [], "summary": {"covered_lines": 0, "num_statements": 16, "percent_covered": 0.0, "percent_covered_display": "0", "missing_lines": 16, "excluded_lines": 0, "percent_statements_covered": 0.0, "percent_statements_covered_display": "0"}, "missing_lines": [235, 237, 238, 240, 241, 242, 244, 245, 248, 253, 254, 255, 258, 264, 265, 267], "excluded_lines": [], "start_line": 225}, "": {"executed_lines": [3, 5, 6, 7, 8, 9, 11, 12, 15, 22, 29, 60, 64, 83, 111, 148, 169, 191, 225], "summary": {"covered_lines": 19, "num_statements": 19, "percent_covered": 100.0, "percent_covered_display": "100", "missing_lines": 0, "excluded_lines": 0, "percent_statements_covered": 100.0, "percent_statements_covered_display": "100"}, "missing_lines": [], "excluded_lines": [], "start_line": 1}}, "classes": {"HashCache": {"executed_lines": [], "summary": {"covered_lines": 0, "num_statements": 60, "percent_covered": 0.0, "percent_covered_display": "0", "missing_lines": 60, "excluded_lines": 0, "percent_statements_covered": 0.0, "percent_statements_covered_display": "0"}, "missing_lines": [24, 25, 26, 27, 31, 40, 53, 58, 62, 66, 67, 68, 70, 74, 76, 77, 78, 79, 81, 90, 91, 92, 94, 96, 102, 103, 104, 105, 107, 108, 109, 113, 114, 115, 116, 119, 126, 131, 136, 137, 143, 144, 146, 150, 151, 153, 160, 165, 166, 167, 171, 172, 173, 175, 176, 178, 179, 181, 187, 188], "excluded_lines": [], "start_line": 15}, "": {"executed_lines": [3, 5, 6, 7, 8, 9, 11, 12, 15, 22, 29, 60, 64, 83, 111, 148, 169, 191, 225], "summary": {"covered_lines": 19, "num_statements": 43, "percent_covered": 44.18604651162791, "percent_covered_display": "44", "missing_lines": 24, "excluded_lines": 0, "percent_statements_covered": 44.18604651162791, "percent_statements_covered_display": "44"}, "missing_lines": [210, 211, 214, 215, 216, 219, 220, 222, 235, 237, 238, 240, 241, 242, 244, 245, 248, 253, 254, 255, 258, 264, 265, 267], "excluded_lines": [], "start_line": 1}}}, "src/redup/core/config.py": {"executed_lines": [3, 5, 6, 7, 9, 10, 17, 18, 21, 23, 26, 29, 30, 31, 36, 38, 39, 40, 43, 45, 46, 49, 60, 70, 73, 76, 87, 88, 89, 98, 101, 103, 104, 105, 110, 111, 113, 125], "summary": {"covered_lines": 38, "num_statements": 55, "percent_covered": 69.0909090909091, "percent_covered_display": "69", "missing_lines": 17, "excluded_lines": 0, "percent_statements_covered": 69.0909090909091, "percent_statements_covered_display": "69"}, "missing_lines": [11, 12, 13, 14, 15, 24, 27, 32, 33, 90, 91, 92, 94, 95, 96, 108, 127], "excluded_lines": [], "functions": {"_load_toml_file": {"executed_lines": [23, 26, 29, 30, 31], "summary": {"covered_lines": 5, "num_statements": 9, "percent_covered": 55.55555555555556, "percent_covered_display": "56", "missing_lines": 4, "excluded_lines": 0, "percent_statements_covered": 55.55555555555556, "percent_statements_covered_display": "56"}, "missing_lines": [24, 27, 32, 33], "excluded_lines": [], "start_line": 21}, "_get_config_from_pyproject": {"executed_lines": [38, 39, 40], "summary": {"covered_lines": 3, "num_statements": 3, "percent_covered": 100.0, "percent_covered_display": "100", "missing_lines": 0, "excluded_lines": 0, "percent_statements_covered": 100.0, "percent_statements_covered_display": "100"}, "missing_lines": [], "excluded_lines": [], "start_line": 36}, "_get_config_from_redup_toml": {"executed_lines": [45, 46], "summary": {"covered_lines": 2, "num_statements": 2, "percent_covered": 100.0, "percent_covered_display": "100", "missing_lines": 0, "excluded_lines": 0, "percent_statements_covered": 100.0, "percent_statements_covered_display": "100"}, "missing_lines": [], "excluded_lines": [], "start_line": 43}, "load_config": {"executed_lines": [60, 70, 73, 76, 87, 88, 89, 98], "summary": {"covered_lines": 8, "num_statements": 14, "percent_covered": 57.142857142857146, "percent_covered_display": "57", "missing_lines": 6, "excluded_lines": 0, "percent_statements_covered": 57.142857142857146, "percent_statements_covered_display": "57"}, "missing_lines": [90, 91, 92, 94, 95, 96], "excluded_lines": [], "start_line": 49}, "config_to_scan_config": {"executed_lines": [103, 104, 105, 110, 111, 113], "summary": {"covered_lines": 6, "num_statements": 7, "percent_covered": 85.71428571428571, "percent_covered_display": "86", "missing_lines": 1, "excluded_lines": 0, "percent_statements_covered": 85.71428571428571, "percent_statements_covered_display": "86"}, "missing_lines": [108], "excluded_lines": [], "start_line": 101}, "create_sample_redup_toml": {"executed_lines": [], "summary": {"covered_lines": 0, "num_statements": 1, "percent_covered": 0.0, "percent_covered_display": "0", "missing_lines": 1, "excluded_lines": 0, "percent_statements_covered": 0.0, "percent_statements_covered_display": "0"}, "missing_lines": [127], "excluded_lines": [], "start_line": 125}, "": {"executed_lines": [3, 5, 6, 7, 9, 10, 17, 18, 21, 36, 43, 49, 101, 125], "summary": {"covered_lines": 14, "num_statements": 19, "percent_covered": 73.6842105263158, "percent_covered_display": "74", "missing_lines": 5, "excluded_lines": 0, "percent_statements_covered": 73.6842105263158, "percent_statements_covered_display": "74"}, "missing_lines": [11, 12, 13, 14, 15], "excluded_lines": [], "start_line": 1}}, "classes": {"": {"executed_lines": [3, 5, 6, 7, 9, 10, 17, 18, 21, 23, 26, 29, 30, 31, 36, 38, 39, 40, 43, 45, 46, 49, 60, 70, 73, 76, 87, 88, 89, 98, 101, 103, 104, 105, 110, 111, 113, 125], "summary": {"covered_lines": 38, "num_statements": 55, "percent_covered": 69.0909090909091, "percent_covered_display": "69", "missing_lines": 17, "excluded_lines": 0, "percent_statements_covered": 69.0909090909091, "percent_statements_covered_display": "69"}, "missing_lines": [11, 12, 13, 14, 15, 24, 27, 32, 33, 90, 91, 92, 94, 95, 96, 108, 127], "excluded_lines": [], "start_line": 1}}}, "src/redup/core/differ.py": {"executed_lines": [3, 5, 6, 7, 8, 10, 11, 14, 15, 18, 19, 20, 22, 23, 24, 26, 27, 28, 31, 33, 36, 37, 40, 41, 43, 44, 45, 46, 53, 56, 57, 65, 68, 69, 81, 90, 92, 93, 94, 95, 98, 121, 125, 126, 128, 129, 132, 134, 135, 136, 138, 140, 153, 155, 158, 159, 160, 163, 164, 165, 166, 167, 170, 180, 190, 191, 192, 193, 194, 195, 196, 199, 200, 202, 205, 207, 209], "summary": {"covered_lines": 77, "num_statements": 108, "percent_covered": 71.29629629629629, "percent_covered_display": "71", "missing_lines": 31, "excluded_lines": 0, "percent_statements_covered": 71.29629629629629, "percent_statements_covered_display": "71"}, "missing_lines": [34, 70, 71, 79, 101, 102, 105, 106, 109, 110, 112, 113, 115, 116, 118, 171, 172, 173, 174, 175, 176, 177, 181, 182, 183, 184, 185, 186, 187, 201, 203], "excluded_lines": [], "functions": {"_load_duplication_map": {"executed_lines": [33, 36, 37, 40, 41, 43, 44, 45, 46, 53, 56, 57, 65, 68, 69, 81], "summary": {"covered_lines": 16, "num_statements": 20, "percent_covered": 80.0, "percent_covered_display": "80", "missing_lines": 4, "excluded_lines": 0, "percent_statements_covered": 80.0, "percent_statements_covered_display": "80"}, "missing_lines": [34, 70, 71, 79], "excluded_lines": [], "start_line": 31}, "_group_by_id": {"executed_lines": [92, 93, 94, 95], "summary": {"covered_lines": 4, "num_statements": 4, "percent_covered": 100.0, "percent_covered_display": "100", "missing_lines": 0, "excluded_lines": 0, "percent_statements_covered": 100.0, "percent_statements_covered_display": "100"}, "missing_lines": [], "excluded_lines": [], "start_line": 90}, "_groups_match": {"executed_lines": [], "summary": {"covered_lines": 0, "num_statements": 11, "percent_covered": 0.0, "percent_covered_display": "0", "missing_lines": 11, "excluded_lines": 0, "percent_statements_covered": 0.0, "percent_statements_covered_display": "0"}, "missing_lines": [101, 102, 105, 106, 109, 110, 112, 113, 115, 116, 118], "excluded_lines": [], "start_line": 98}, "compare_scans": {"executed_lines": [125, 126, 128, 129, 132, 134, 135, 136, 138, 140], "summary": {"covered_lines": 10, "num_statements": 10, "percent_covered": 100.0, "percent_covered_display": "100", "missing_lines": 0, "excluded_lines": 0, "percent_statements_covered": 100.0, "percent_statements_covered_display": "100"}, "missing_lines": [], "excluded_lines": [], "start_line": 121}, "format_diff_result": {"executed_lines": [155, 158, 159, 160, 163, 164, 165, 166, 167, 170, 180, 190, 191, 192, 193, 194, 195, 196, 199, 200, 202, 205, 207, 209], "summary": {"covered_lines": 24, "num_statements": 40, "percent_covered": 60.0, "percent_covered_display": "60", "missing_lines": 16, "excluded_lines": 0, "percent_statements_covered": 60.0, "percent_statements_covered_display": "60"}, "missing_lines": [171, 172, 173, 174, 175, 176, 177, 181, 182, 183, 184, 185, 186, 187, 201, 203], "excluded_lines": [], "start_line": 153}, "": {"executed_lines": [3, 5, 6, 7, 8, 10, 11, 14, 15, 18, 19, 20, 22, 23, 24, 26, 27, 28, 31, 90, 98, 121, 153], "summary": {"covered_lines": 23, "num_statements": 23, "percent_covered": 100.0, "percent_covered_display": "100", "missing_lines": 0, "excluded_lines": 0, "percent_statements_covered": 100.0, "percent_statements_covered_display": "100"}, "missing_lines": [], "excluded_lines": [], "start_line": 1}}, "classes": {"DiffResult": {"executed_lines": [], "summary": {"covered_lines": 0, "num_statements": 0, "percent_covered": 100.0, "percent_covered_display": "100", "missing_lines": 0, "excluded_lines": 0, "percent_statements_covered": 100.0, "percent_statements_covered_display": "100"}, "missing_lines": [], "excluded_lines": [], "start_line": 15}, "": {"executed_lines": [3, 5, 6, 7, 8, 10, 11, 14, 15, 18, 19, 20, 22, 23, 24, 26, 27, 28, 31, 33, 36, 37, 40, 41, 43, 44, 45, 46, 53, 56, 57, 65, 68, 69, 81, 90, 92, 93, 94, 95, 98, 121, 125, 126, 128, 129, 132, 134, 135, 136, 138, 140, 153, 155, 158, 159, 160, 163, 164, 165, 166, 167, 170, 180, 190, 191, 192, 193, 194, 195, 196, 199, 200, 202, 205, 207, 209], "summary": {"covered_lines": 77, "num_statements": 108, "percent_covered": 71.29629629629629, "percent_covered_display": "71", "missing_lines": 31, "excluded_lines": 0, "percent_statements_covered": 71.29629629629629, "percent_statements_covered_display": "71"}, "missing_lines": [34, 70, 71, 79, 101, 102, 105, 106, 109, 110, 112, 113, 115, 116, 118, 171, 172, 173, 174, 175, 176, 177, 181, 182, 183, 184, 185, 186, 187, 201, 203], "excluded_lines": [], "start_line": 1}}}, "src/redup/core/fuzzy_similarity.py": {"executed_lines": [], "summary": {"covered_lines": 0, "num_statements": 223, "percent_covered": 0.0, "percent_covered_display": "0", "missing_lines": 223, "excluded_lines": 0, "percent_statements_covered": 0.0, "percent_statements_covered_display": "0"}, "missing_lines": [7, 9, 10, 11, 12, 14, 15, 16, 17, 18, 21, 22, 23, 24, 25, 26, 27, 28, 29, 30, 31, 32, 33, 34, 36, 39, 40, 43, 44, 45, 46, 47, 50, 54, 66, 67, 72, 74, 77, 80, 81, 82, 85, 88, 90, 98, 101, 104, 108, 111, 113, 115, 117, 118, 120, 122, 123, 124, 125, 126, 127, 128, 129, 130, 131, 133, 135, 137, 139, 140, 141, 142, 144, 146, 149, 150, 151, 154, 155, 156, 159, 160, 161, 163, 165, 168, 171, 174, 176, 179, 180, 181, 184, 188, 196, 197, 202, 204, 207, 210, 211, 212, 214, 222, 224, 226, 227, 228, 230, 231, 233, 235, 237, 240, 241, 243, 244, 247, 248, 249, 250, 253, 254, 255, 256, 257, 258, 259, 260, 261, 263, 265, 267, 269, 270, 271, 274, 275, 276, 277, 278, 279, 280, 281, 283, 285, 287, 288, 291, 294, 295, 296, 297, 300, 301, 303, 305, 308, 309, 310, 311, 312, 315, 316, 317, 318, 319, 320, 322, 324, 326, 328, 329, 330, 331, 334, 335, 336, 337, 338, 340, 347, 348, 350, 352, 355, 356, 359, 362, 363, 366, 367, 370, 371, 372, 375, 376, 377, 379, 381, 383, 384, 385, 386, 389, 390, 391, 392, 394, 395, 397, 400, 401, 402, 403, 404, 406, 408, 409, 410, 412, 414, 416], "excluded_lines": [], "functions": {"_text_ratio": {"executed_lines": [], "summary": {"covered_lines": 0, "num_statements": 1, "percent_covered": 0.0, "percent_covered_display": "0", "missing_lines": 1, "excluded_lines": 0, "percent_statements_covered": 0.0, "percent_statements_covered_display": "0"}, "missing_lines": [24], "excluded_lines": [], "start_line": 23}, "_partial_ratio": {"executed_lines": [], "summary": {"covered_lines": 0, "num_statements": 1, "percent_covered": 0.0, "percent_covered_display": "0", "missing_lines": 1, "excluded_lines": 0, "percent_statements_covered": 0.0, "percent_statements_covered_display": "0"}, "missing_lines": [26], "excluded_lines": [], "start_line": 25}, "_token_sort_ratio": {"executed_lines": [], "summary": {"covered_lines": 0, "num_statements": 1, "percent_covered": 0.0, "percent_covered_display": "0", "missing_lines": 1, "excluded_lines": 0, "percent_statements_covered": 0.0, "percent_statements_covered_display": "0"}, "missing_lines": [28], "excluded_lines": [], "start_line": 27}, "HTMLComponentExtractor.__init__": {"executed_lines": [], "summary": {"covered_lines": 0, "num_statements": 1, "percent_covered": 0.0, "percent_covered_display": "0", "missing_lines": 1, "excluded_lines": 0, "percent_statements_covered": 0.0, "percent_statements_covered_display": "0"}, "missing_lines": [67], "excluded_lines": [], "start_line": 66}, "HTMLComponentExtractor.extract_component_signature": {"executed_lines": [], "summary": {"covered_lines": 0, "num_statements": 8, "percent_covered": 0.0, "percent_covered_display": "0", "missing_lines": 8, "excluded_lines": 0, "percent_statements_covered": 0.0, "percent_statements_covered_display": "0"}, "missing_lines": [74, 77, 80, 81, 82, 85, 88, 90], "excluded_lines": [], "start_line": 72}, "HTMLComponentExtractor._normalize_html": {"executed_lines": [], "summary": {"covered_lines": 0, "num_statements": 5, "percent_covered": 0.0, "percent_covered_display": "0", "missing_lines": 5, "excluded_lines": 0, "percent_statements_covered": 0.0, "percent_statements_covered_display": "0"}, "missing_lines": [101, 104, 108, 111, 113], "excluded_lines": [], "start_line": 98}, "HTMLComponentExtractor._normalize_class_name": {"executed_lines": [], "summary": {"covered_lines": 0, "num_statements": 15, "percent_covered": 0.0, "percent_covered_display": "0", "missing_lines": 15, "excluded_lines": 0, "percent_statements_covered": 0.0, "percent_statements_covered_display": "0"}, "missing_lines": [117, 118, 120, 122, 123, 124, 125, 126, 127, 128, 129, 130, 131, 133, 135], "excluded_lines": [], "start_line": 115}, "HTMLComponentExtractor._detect_component_type": {"executed_lines": [], "summary": {"covered_lines": 0, "num_statements": 4, "percent_covered": 0.0, "percent_covered_display": "0", "missing_lines": 4, "excluded_lines": 0, "percent_statements_covered": 0.0, "percent_statements_covered_display": "0"}, "missing_lines": [139, 140, 141, 142], "excluded_lines": [], "start_line": 137}, "HTMLComponentExtractor._extract_attributes": {"executed_lines": [], "summary": {"covered_lines": 0, "num_statements": 11, "percent_covered": 0.0, "percent_covered_display": "0", "missing_lines": 11, "excluded_lines": 0, "percent_statements_covered": 0.0, "percent_statements_covered_display": "0"}, "missing_lines": [146, 149, 150, 151, 154, 155, 156, 159, 160, 161, 163], "excluded_lines": [], "start_line": 144}, "HTMLComponentExtractor._extract_text_content": {"executed_lines": [], "summary": {"covered_lines": 0, "num_statements": 3, "percent_covered": 0.0, "percent_covered_display": "0", "missing_lines": 3, "excluded_lines": 0, "percent_statements_covered": 0.0, "percent_statements_covered_display": "0"}, "missing_lines": [168, 171, 174], "excluded_lines": [], "start_line": 165}, "HTMLComponentExtractor._compute_structure_hash": {"executed_lines": [], "summary": {"covered_lines": 0, "num_statements": 3, "percent_covered": 0.0, "percent_covered_display": "0", "missing_lines": 3, "excluded_lines": 0, "percent_statements_covered": 0.0, "percent_statements_covered_display": "0"}, "missing_lines": [179, 180, 181], "excluded_lines": [], "start_line": 176}, "CSSComponentExtractor.__init__": {"executed_lines": [], "summary": {"covered_lines": 0, "num_statements": 1, "percent_covered": 0.0, "percent_covered_display": "0", "missing_lines": 1, "excluded_lines": 0, "percent_statements_covered": 0.0, "percent_statements_covered_display": "0"}, "missing_lines": [197], "excluded_lines": [], "start_line": 196}, "CSSComponentExtractor.extract_component_signature": {"executed_lines": [], "summary": {"covered_lines": 0, "num_statements": 6, "percent_covered": 0.0, "percent_covered_display": "0", "missing_lines": 6, "excluded_lines": 0, "percent_statements_covered": 0.0, "percent_statements_covered_display": "0"}, "missing_lines": [204, 207, 210, 211, 212, 214], "excluded_lines": [], "start_line": 202}, "CSSComponentExtractor._extract_css_properties": {"executed_lines": [], "summary": {"covered_lines": 0, "num_statements": 7, "percent_covered": 0.0, "percent_covered_display": "0", "missing_lines": 7, "excluded_lines": 0, "percent_statements_covered": 0.0, "percent_statements_covered_display": "0"}, "missing_lines": [224, 226, 227, 228, 230, 231, 233], "excluded_lines": [], "start_line": 222}, "CSSComponentExtractor._normalize_css_value": {"executed_lines": [], "summary": {"covered_lines": 0, "num_statements": 20, "percent_covered": 0.0, "percent_covered_display": "0", "missing_lines": 20, "excluded_lines": 0, "percent_statements_covered": 0.0, "percent_statements_covered_display": "0"}, "missing_lines": [237, 240, 241, 243, 244, 247, 248, 249, 250, 253, 254, 255, 256, 257, 258, 259, 260, 261, 263, 265], "excluded_lines": [], "start_line": 235}, "CSSComponentExtractor._detect_css_component_type": {"executed_lines": [], "summary": {"covered_lines": 0, "num_statements": 12, "percent_covered": 0.0, "percent_covered_display": "0", "missing_lines": 12, "excluded_lines": 0, "percent_statements_covered": 0.0, "percent_statements_covered_display": "0"}, "missing_lines": [269, 270, 271, 274, 275, 276, 277, 278, 279, 280, 281, 283], "excluded_lines": [], "start_line": 267}, "CSSComponentExtractor._compute_css_hash": {"executed_lines": [], "summary": {"covered_lines": 0, "num_statements": 2, "percent_covered": 0.0, "percent_covered_display": "0", "missing_lines": 2, "excluded_lines": 0, "percent_statements_covered": 0.0, "percent_statements_covered_display": "0"}, "missing_lines": [287, 288], "excluded_lines": [], "start_line": 285}, "FuzzySimilarityDetector.__init__": {"executed_lines": [], "summary": {"covered_lines": 0, "num_statements": 6, "percent_covered": 0.0, "percent_covered_display": "0", "missing_lines": 6, "excluded_lines": 0, "percent_statements_covered": 0.0, "percent_statements_covered_display": "0"}, "missing_lines": [295, 296, 297, 300, 301, 303], "excluded_lines": [], "start_line": 294}, "FuzzySimilarityDetector.find_similar_components": {"executed_lines": [], "summary": {"covered_lines": 0, "num_statements": 12, "percent_covered": 0.0, "percent_covered_display": "0", "missing_lines": 12, "excluded_lines": 0, "percent_statements_covered": 0.0, "percent_statements_covered_display": "0"}, "missing_lines": [308, 309, 310, 311, 312, 315, 316, 317, 318, 319, 320, 322], "excluded_lines": [], "start_line": 305}, "FuzzySimilarityDetector._extract_signature": {"executed_lines": [], "summary": {"covered_lines": 0, "num_statements": 14, "percent_covered": 0.0, "percent_covered_display": "0", "missing_lines": 14, "excluded_lines": 0, "percent_statements_covered": 0.0, "percent_statements_covered_display": "0"}, "missing_lines": [326, 328, 329, 330, 331, 334, 335, 336, 337, 338, 340, 347, 348, 350], "excluded_lines": [], "start_line": 324}, "FuzzySimilarityDetector._compute_similarity": {"executed_lines": [], "summary": {"covered_lines": 0, "num_statements": 14, "percent_covered": 0.0, "percent_covered_display": "0", "missing_lines": 14, "excluded_lines": 0, "percent_statements_covered": 0.0, "percent_statements_covered_display": "0"}, "missing_lines": [355, 356, 359, 362, 363, 366, 367, 370, 371, 372, 375, 376, 377, 379], "excluded_lines": [], "start_line": 352}, "FuzzySimilarityDetector._compute_attribute_similarity": {"executed_lines": [], "summary": {"covered_lines": 0, "num_statements": 21, "percent_covered": 0.0, "percent_covered_display": "0", "missing_lines": 21, "excluded_lines": 0, "percent_statements_covered": 0.0, "percent_statements_covered_display": "0"}, "missing_lines": [383, 384, 385, 386, 389, 390, 391, 392, 394, 395, 397, 400, 401, 402, 403, 404, 406, 408, 409, 410, 412], "excluded_lines": [], "start_line": 381}, "FuzzySimilarityDetector._compute_css_similarity": {"executed_lines": [], "summary": {"covered_lines": 0, "num_statements": 1, "percent_covered": 0.0, "percent_covered_display": "0", "missing_lines": 1, "excluded_lines": 0, "percent_statements_covered": 0.0, "percent_statements_covered_display": "0"}, "missing_lines": [416], "excluded_lines": [], "start_line": 414}, "": {"executed_lines": [], "summary": {"covered_lines": 0, "num_statements": 54, "percent_covered": 0.0, "percent_covered_display": "0", "missing_lines": 54, "excluded_lines": 0, "percent_statements_covered": 0.0, "percent_statements_covered_display": "0"}, "missing_lines": [7, 9, 10, 11, 12, 14, 15, 16, 17, 18, 21, 22, 23, 25, 27, 29, 30, 31, 32, 33, 34, 36, 39, 40, 43, 44, 45, 46, 47, 50, 54, 66, 72, 98, 115, 137, 144, 165, 176, 184, 188, 196, 202, 222, 235, 267, 285, 291, 294, 305, 324, 352, 381, 414], "excluded_lines": [], "start_line": 1}}, "classes": {"ComponentSignature": {"executed_lines": [], "summary": {"covered_lines": 0, "num_statements": 0, "percent_covered": 100.0, "percent_covered_display": "100", "missing_lines": 0, "excluded_lines": 0, "percent_statements_covered": 100.0, "percent_statements_covered_display": "100"}, "missing_lines": [], "excluded_lines": [], "start_line": 40}, "HTMLComponentExtractor": {"executed_lines": [], "summary": {"covered_lines": 0, "num_statements": 50, "percent_covered": 0.0, "percent_covered_display": "0", "missing_lines": 50, "excluded_lines": 0, "percent_statements_covered": 0.0, "percent_statements_covered_display": "0"}, "missing_lines": [67, 74, 77, 80, 81, 82, 85, 88, 90, 101, 104, 108, 111, 113, 117, 118, 120, 122, 123, 124, 125, 126, 127, 128, 129, 130, 131, 133, 135, 139, 140, 141, 142, 146, 149, 150, 151, 154, 155, 156, 159, 160, 161, 163, 168, 171, 174, 179, 180, 181], "excluded_lines": [], "start_line": 50}, "CSSComponentExtractor": {"executed_lines": [], "summary": {"covered_lines": 0, "num_statements": 48, "percent_covered": 0.0, "percent_covered_display": "0", "missing_lines": 48, "excluded_lines": 0, "percent_statements_covered": 0.0, "percent_statements_covered_display": "0"}, "missing_lines": [197, 204, 207, 210, 211, 212, 214, 224, 226, 227, 228, 230, 231, 233, 237, 240, 241, 243, 244, 247, 248, 249, 250, 253, 254, 255, 256, 257, 258, 259, 260, 261, 263, 265, 269, 270, 271, 274, 275, 276, 277, 278, 279, 280, 281, 283, 287, 288], "excluded_lines": [], "start_line": 184}, "FuzzySimilarityDetector": {"executed_lines": [], "summary": {"covered_lines": 0, "num_statements": 68, "percent_covered": 0.0, "percent_covered_display": "0", "missing_lines": 68, "excluded_lines": 0, "percent_statements_covered": 0.0, "percent_statements_covered_display": "0"}, "missing_lines": [295, 296, 297, 300, 301, 303, 308, 309, 310, 311, 312, 315, 316, 317, 318, 319, 320, 322, 326, 328, 329, 330, 331, 334, 335, 336, 337, 338, 340, 347, 348, 350, 355, 356, 359, 362, 363, 366, 367, 370, 371, 372, 375, 376, 377, 379, 383, 384, 385, 386, 389, 390, 391, 392, 394, 395, 397, 400, 401, 402, 403, 404, 406, 408, 409, 410, 412, 416], "excluded_lines": [], "start_line": 291}, "": {"executed_lines": [], "summary": {"covered_lines": 0, "num_statements": 57, "percent_covered": 0.0, "percent_covered_display": "0", "missing_lines": 57, "excluded_lines": 0, "percent_statements_covered": 0.0, "percent_statements_covered_display": "0"}, "missing_lines": [7, 9, 10, 11, 12, 14, 15, 16, 17, 18, 21, 22, 23, 24, 25, 26, 27, 28, 29, 30, 31, 32, 33, 34, 36, 39, 40, 43, 44, 45, 46, 47, 50, 54, 66, 72, 98, 115, 137, 144, 165, 176, 184, 188, 196, 202, 222, 235, 267, 285, 291, 294, 305, 324, 352, 381, 414], "excluded_lines": [], "start_line": 1}}}, "src/redup/core/grouper.py": {"executed_lines": [], "summary": {"covered_lines": 0, "num_statements": 4, "percent_covered": 0.0, "percent_covered_display": "0", "missing_lines": 4, "excluded_lines": 0, "percent_statements_covered": 0.0, "percent_statements_covered_display": "0"}, "missing_lines": [3, 5, 6, 8], "excluded_lines": [], "functions": {"": {"executed_lines": [], "summary": {"covered_lines": 0, "num_statements": 4, "percent_covered": 0.0, "percent_covered_display": "0", "missing_lines": 4, "excluded_lines": 0, "percent_statements_covered": 0.0, "percent_statements_covered_display": "0"}, "missing_lines": [3, 5, 6, 8], "excluded_lines": [], "start_line": 1}}, "classes": {"": {"executed_lines": [], "summary": {"covered_lines": 0, "num_statements": 4, "percent_covered": 0.0, "percent_covered_display": "0", "missing_lines": 4, "excluded_lines": 0, "percent_statements_covered": 0.0, "percent_statements_covered_display": "0"}, "missing_lines": [3, 5, 6, 8], "excluded_lines": [], "start_line": 1}}}, "src/redup/core/hash_cache.py": {"executed_lines": [], "summary": {"covered_lines": 0, "num_statements": 60, "percent_covered": 0.0, "percent_covered_display": "0", "missing_lines": 60, "excluded_lines": 0, "percent_statements_covered": 0.0, "percent_statements_covered_display": "0"}, "missing_lines": [6, 8, 9, 10, 11, 14, 17, 18, 19, 20, 21, 22, 24, 26, 27, 28, 29, 30, 31, 33, 35, 36, 37, 38, 39, 41, 43, 44, 45, 46, 47, 49, 51, 53, 54, 56, 57, 60, 65, 67, 68, 70, 77, 79, 80, 82, 83, 85, 87, 89, 90, 91, 93, 95, 96, 97, 100, 102, 103, 104], "excluded_lines": [], "functions": {"HashCache.__init__": {"executed_lines": [], "summary": {"covered_lines": 0, "num_statements": 5, "percent_covered": 0.0, "percent_covered_display": "0", "missing_lines": 5, "excluded_lines": 0, "percent_statements_covered": 0.0, "percent_statements_covered_display": "0"}, "missing_lines": [18, 19, 20, 21, 22], "excluded_lines": [], "start_line": 17}, "HashCache._load": {"executed_lines": [], "summary": {"covered_lines": 0, "num_statements": 6, "percent_covered": 0.0, "percent_covered_display": "0", "missing_lines": 6, "excluded_lines": 0, "percent_statements_covered": 0.0, "percent_statements_covered_display": "0"}, "missing_lines": [26, 27, 28, 29, 30, 31], "excluded_lines": [], "start_line": 24}, "HashCache.save": {"executed_lines": [], "summary": {"covered_lines": 0, "num_statements": 5, "percent_covered": 0.0, "percent_covered_display": "0", "missing_lines": 5, "excluded_lines": 0, "percent_statements_covered": 0.0, "percent_statements_covered_display": "0"}, "missing_lines": [35, 36, 37, 38, 39], "excluded_lines": [], "start_line": 33}, "HashCache.get_file_hash": {"executed_lines": [], "summary": {"covered_lines": 0, "num_statements": 5, "percent_covered": 0.0, "percent_covered_display": "0", "missing_lines": 5, "excluded_lines": 0, "percent_statements_covered": 0.0, "percent_statements_covered_display": "0"}, "missing_lines": [43, 44, 45, 46, 47], "excluded_lines": [], "start_line": 41}, "HashCache.is_unchanged": {"executed_lines": [], "summary": {"covered_lines": 0, "num_statements": 6, "percent_covered": 0.0, "percent_covered_display": "0", "missing_lines": 6, "excluded_lines": 0, "percent_statements_covered": 0.0, "percent_statements_covered_display": "0"}, "missing_lines": [51, 53, 54, 56, 57, 60], "excluded_lines": [], "start_line": 49}, "HashCache.update": {"executed_lines": [], "summary": {"covered_lines": 0, "num_statements": 3, "percent_covered": 0.0, "percent_covered_display": "0", "missing_lines": 3, "excluded_lines": 0, "percent_statements_covered": 0.0, "percent_statements_covered_display": "0"}, "missing_lines": [67, 68, 70], "excluded_lines": [], "start_line": 65}, "HashCache.invalidate": {"executed_lines": [], "summary": {"covered_lines": 0, "num_statements": 4, "percent_covered": 0.0, "percent_covered_display": "0", "missing_lines": 4, "excluded_lines": 0, "percent_statements_covered": 0.0, "percent_statements_covered_display": "0"}, "missing_lines": [79, 80, 82, 83], "excluded_lines": [], "start_line": 77}, "HashCache.get_cached_results": {"executed_lines": [], "summary": {"covered_lines": 0, "num_statements": 4, "percent_covered": 0.0, "percent_covered_display": "0", "missing_lines": 4, "excluded_lines": 0, "percent_statements_covered": 0.0, "percent_statements_covered_display": "0"}, "missing_lines": [87, 89, 90, 91], "excluded_lines": [], "start_line": 85}, "HashCache.clear": {"executed_lines": [], "summary": {"covered_lines": 0, "num_statements": 3, "percent_covered": 0.0, "percent_covered_display": "0", "missing_lines": 3, "excluded_lines": 0, "percent_statements_covered": 0.0, "percent_statements_covered_display": "0"}, "missing_lines": [95, 96, 97], "excluded_lines": [], "start_line": 93}, "_config_to_hash": {"executed_lines": [], "summary": {"covered_lines": 0, "num_statements": 3, "percent_covered": 0.0, "percent_covered_display": "0", "missing_lines": 3, "excluded_lines": 0, "percent_statements_covered": 0.0, "percent_statements_covered_display": "0"}, "missing_lines": [102, 103, 104], "excluded_lines": [], "start_line": 100}, "": {"executed_lines": [], "summary": {"covered_lines": 0, "num_statements": 16, "percent_covered": 0.0, "percent_covered_display": "0", "missing_lines": 16, "excluded_lines": 0, "percent_statements_covered": 0.0, "percent_statements_covered_display": "0"}, "missing_lines": [6, 8, 9, 10, 11, 14, 17, 24, 33, 41, 49, 65, 77, 85, 93, 100], "excluded_lines": [], "start_line": 1}}, "classes": {"HashCache": {"executed_lines": [], "summary": {"covered_lines": 0, "num_statements": 41, "percent_covered": 0.0, "percent_covered_display": "0", "missing_lines": 41, "excluded_lines": 0, "percent_statements_covered": 0.0, "percent_statements_covered_display": "0"}, "missing_lines": [18, 19, 20, 21, 22, 26, 27, 28, 29, 30, 31, 35, 36, 37, 38, 39, 43, 44, 45, 46, 47, 51, 53, 54, 56, 57, 60, 67, 68, 70, 79, 80, 82, 83, 87, 89, 90, 91, 95, 96, 97], "excluded_lines": [], "start_line": 14}, "": {"executed_lines": [], "summary": {"covered_lines": 0, "num_statements": 19, "percent_covered": 0.0, "percent_covered_display": "0", "missing_lines": 19, "excluded_lines": 0, "percent_statements_covered": 0.0, "percent_statements_covered_display": "0"}, "missing_lines": [6, 8, 9, 10, 11, 14, 17, 24, 33, 41, 49, 65, 77, 85, 93, 100, 102, 103, 104], "excluded_lines": [], "start_line": 1}}}, "src/redup/core/hasher.py": {"executed_lines": [3, 5, 6, 7, 8, 9, 10, 12, 13, 14, 15, 17, 20, 22, 24, 27, 28, 29, 30, 33, 35, 36, 37, 39, 40, 41, 42, 43, 44, 45, 47, 48, 50, 51, 54, 56, 58, 59, 60, 61, 62, 63, 64, 66, 67, 68, 69, 70, 72, 73, 74, 75, 76, 77, 79, 80, 82, 85, 87, 88, 89, 90, 92, 93, 100, 102, 104, 105, 108, 110, 111, 114, 116, 119, 121, 124, 125, 128, 129, 130, 133, 134, 137, 138, 141, 142, 149, 151, 152, 155, 157, 164, 166, 168, 169, 170, 172, 173, 174, 176, 179, 181, 184, 186, 189], "summary": {"covered_lines": 105, "num_statements": 115, "percent_covered": 91.30434782608695, "percent_covered_display": "91", "missing_lines": 10, "excluded_lines": 0, "percent_statements_covered": 91.30434782608695, "percent_statements_covered_display": "91"}, "missing_lines": [23, 49, 65, 71, 94, 95, 96, 97, 98, 103], "excluded_lines": [], "functions": {"_fast_hash": {"executed_lines": [22, 24], "summary": {"covered_lines": 2, "num_statements": 3, "percent_covered": 66.66666666666667, "percent_covered_display": "67", "missing_lines": 1, "excluded_lines": 0, "percent_statements_covered": 66.66666666666667, "percent_statements_covered_display": "67"}, "missing_lines": [23], "excluded_lines": [], "start_line": 20}, "_normalize_text": {"executed_lines": [35, 36, 37, 39, 40, 41, 42, 43, 44, 45, 47, 48, 50, 51], "summary": {"covered_lines": 14, "num_statements": 15, "percent_covered": 93.33333333333333, "percent_covered_display": "93", "missing_lines": 1, "excluded_lines": 0, "percent_statements_covered": 93.33333333333333, "percent_statements_covered_display": "93"}, "missing_lines": [49], "excluded_lines": [], "start_line": 33}, "_ast_to_normalized_string": {"executed_lines": [56, 58, 59, 60, 61, 62, 63, 64, 66, 67, 68, 69, 70, 72, 73, 74, 75, 76, 77, 79, 80, 82], "summary": {"covered_lines": 22, "num_statements": 24, "percent_covered": 91.66666666666667, "percent_covered_display": "92", "missing_lines": 2, "excluded_lines": 0, "percent_statements_covered": 91.66666666666667, "percent_statements_covered_display": "92"}, "missing_lines": [65, 71], "excluded_lines": [], "start_line": 54}, "_normalize_ast_text": {"executed_lines": [87, 88, 89, 90, 92, 93, 100, 102, 104, 105], "summary": {"covered_lines": 10, "num_statements": 16, "percent_covered": 62.5, "percent_covered_display": "62", "missing_lines": 6, "excluded_lines": 0, "percent_statements_covered": 62.5, "percent_statements_covered_display": "62"}, "missing_lines": [94, 95, 96, 97, 98, 103], "excluded_lines": [], "start_line": 85}, "_hash_text": {"executed_lines": [110, 111], "summary": {"covered_lines": 2, "num_statements": 2, "percent_covered": 100.0, "percent_covered_display": "100", "missing_lines": 0, "excluded_lines": 0, "percent_statements_covered": 100.0, "percent_statements_covered_display": "100"}, "missing_lines": [], "excluded_lines": [], "start_line": 108}, "hash_block": {"executed_lines": [116], "summary": {"covered_lines": 1, "num_statements": 1, "percent_covered": 100.0, "percent_covered_display": "100", "missing_lines": 0, "excluded_lines": 0, "percent_statements_covered": 100.0, "percent_statements_covered_display": "100"}, "missing_lines": [], "excluded_lines": [], "start_line": 114}, "hash_block_structural": {"executed_lines": [121], "summary": {"covered_lines": 1, "num_statements": 1, "percent_covered": 100.0, "percent_covered_display": "100", "missing_lines": 0, "excluded_lines": 0, "percent_statements_covered": 100.0, "percent_statements_covered_display": "100"}, "missing_lines": [], "excluded_lines": [], "start_line": 119}, "_hashed_block": {"executed_lines": [142], "summary": {"covered_lines": 1, "num_statements": 1, "percent_covered": 100.0, "percent_covered_display": "100", "missing_lines": 0, "excluded_lines": 0, "percent_statements_covered": 100.0, "percent_statements_covered_display": "100"}, "missing_lines": [], "excluded_lines": [], "start_line": 141}, "_blocks_from_different_locations": {"executed_lines": [151, 152], "summary": {"covered_lines": 2, "num_statements": 2, "percent_covered": 100.0, "percent_covered_display": "100", "missing_lines": 0, "excluded_lines": 0, "percent_statements_covered": 100.0, "percent_statements_covered_display": "100"}, "missing_lines": [], "excluded_lines": [], "start_line": 149}, "_find_duplicates": {"executed_lines": [157], "summary": {"covered_lines": 1, "num_statements": 1, "percent_covered": 100.0, "percent_covered_display": "100", "missing_lines": 0, "excluded_lines": 0, "percent_statements_covered": 100.0, "percent_statements_covered_display": "100"}, "missing_lines": [], "excluded_lines": [], "start_line": 155}, "build_hash_index": {"executed_lines": [166, 168, 169, 170, 172, 173, 174, 176], "summary": {"covered_lines": 8, "num_statements": 8, "percent_covered": 100.0, "percent_covered_display": "100", "missing_lines": 0, "excluded_lines": 0, "percent_statements_covered": 100.0, "percent_statements_covered_display": "100"}, "missing_lines": [], "excluded_lines": [], "start_line": 164}, "find_exact_duplicates": {"executed_lines": [181], "summary": {"covered_lines": 1, "num_statements": 1, "percent_covered": 100.0, "percent_covered_display": "100", "missing_lines": 0, "excluded_lines": 0, "percent_statements_covered": 100.0, "percent_statements_covered_display": "100"}, "missing_lines": [], "excluded_lines": [], "start_line": 179}, "find_structural_duplicates": {"executed_lines": [186], "summary": {"covered_lines": 1, "num_statements": 1, "percent_covered": 100.0, "percent_covered_display": "100", "missing_lines": 0, "excluded_lines": 0, "percent_statements_covered": 100.0, "percent_statements_covered_display": "100"}, "missing_lines": [], "excluded_lines": [], "start_line": 184}, "": {"executed_lines": [3, 5, 6, 7, 8, 9, 10, 12, 13, 14, 15, 17, 20, 27, 28, 29, 30, 33, 54, 85, 108, 114, 119, 124, 125, 128, 129, 130, 133, 134, 137, 138, 141, 149, 155, 164, 179, 184, 189], "summary": {"covered_lines": 39, "num_statements": 39, "percent_covered": 100.0, "percent_covered_display": "100", "missing_lines": 0, "excluded_lines": 0, "percent_statements_covered": 100.0, "percent_statements_covered_display": "100"}, "missing_lines": [], "excluded_lines": [], "start_line": 1}}, "classes": {"HashedBlock": {"executed_lines": [], "summary": {"covered_lines": 0, "num_statements": 0, "percent_covered": 100.0, "percent_covered_display": "100", "missing_lines": 0, "excluded_lines": 0, "percent_statements_covered": 100.0, "percent_statements_covered_display": "100"}, "missing_lines": [], "excluded_lines": [], "start_line": 125}, "HashIndex": {"executed_lines": [], "summary": {"covered_lines": 0, "num_statements": 0, "percent_covered": 100.0, "percent_covered_display": "100", "missing_lines": 0, "excluded_lines": 0, "percent_statements_covered": 100.0, "percent_statements_covered_display": "100"}, "missing_lines": [], "excluded_lines": [], "start_line": 134}, "": {"executed_lines": [3, 5, 6, 7, 8, 9, 10, 12, 13, 14, 15, 17, 20, 22, 24, 27, 28, 29, 30, 33, 35, 36, 37, 39, 40, 41, 42, 43, 44, 45, 47, 48, 50, 51, 54, 56, 58, 59, 60, 61, 62, 63, 64, 66, 67, 68, 69, 70, 72, 73, 74, 75, 76, 77, 79, 80, 82, 85, 87, 88, 89, 90, 92, 93, 100, 102, 104, 105, 108, 110, 111, 114, 116, 119, 121, 124, 125, 128, 129, 130, 133, 134, 137, 138, 141, 142, 149, 151, 152, 155, 157, 164, 166, 168, 169, 170, 172, 173, 174, 176, 179, 181, 184, 186, 189], "summary": {"covered_lines": 105, "num_statements": 115, "percent_covered": 91.30434782608695, "percent_covered_display": "91", "missing_lines": 10, "excluded_lines": 0, "percent_statements_covered": 91.30434782608695, "percent_statements_covered_display": "91"}, "missing_lines": [23, 49, 65, 71, 94, 95, 96, 97, 98, 103], "excluded_lines": [], "start_line": 1}}}, "src/redup/core/lazy_grouper.py": {"executed_lines": [3, 5, 6, 8, 9, 12, 26, 27, 28, 40, 45, 46, 47, 50, 54, 55, 56, 59, 65, 78, 80, 89, 108, 109, 111, 112, 115, 122, 135, 156], "summary": {"covered_lines": 30, "num_statements": 54, "percent_covered": 55.55555555555556, "percent_covered_display": "56", "missing_lines": 24, "excluded_lines": 0, "percent_statements_covered": 55.55555555555556, "percent_statements_covered_display": "56"}, "missing_lines": [31, 32, 35, 36, 37, 51, 129, 130, 131, 132, 133, 137, 139, 140, 143, 144, 147, 148, 149, 151, 152, 154, 158, 159], "excluded_lines": [], "functions": {"find_exact_duplicates_lazy": {"executed_lines": [26, 27, 28], "summary": {"covered_lines": 3, "num_statements": 8, "percent_covered": 37.5, "percent_covered_display": "38", "missing_lines": 5, "excluded_lines": 0, "percent_statements_covered": 37.5, "percent_statements_covered_display": "38"}, "missing_lines": [31, 32, 35, 36, 37], "excluded_lines": [], "start_line": 12}, "find_structural_duplicates_lazy": {"executed_lines": [45, 46, 47, 50, 54, 55, 56], "summary": {"covered_lines": 7, "num_statements": 8, "percent_covered": 87.5, "percent_covered_display": "88", "missing_lines": 1, "excluded_lines": 0, "percent_statements_covered": 87.5, "percent_statements_covered_display": "88"}, "missing_lines": [51], "excluded_lines": [], "start_line": 40}, "_create_duplicate_group": {"executed_lines": [65, 78, 80], "summary": {"covered_lines": 3, "num_statements": 3, "percent_covered": 100.0, "percent_covered_display": "100", "missing_lines": 0, "excluded_lines": 0, "percent_statements_covered": 100.0, "percent_statements_covered_display": "100"}, "missing_lines": [], "excluded_lines": [], "start_line": 59}, "find_all_duplicates_lazy": {"executed_lines": [108, 109, 111, 112], "summary": {"covered_lines": 4, "num_statements": 4, "percent_covered": 100.0, "percent_covered_display": "100", "missing_lines": 0, "excluded_lines": 0, "percent_statements_covered": 100.0, "percent_statements_covered_display": "100"}, "missing_lines": [], "excluded_lines": [], "start_line": 89}, "DuplicateGroupCollector.__init__": {"executed_lines": [], "summary": {"covered_lines": 0, "num_statements": 5, "percent_covered": 0.0, "percent_covered_display": "0", "missing_lines": 5, "excluded_lines": 0, "percent_statements_covered": 0.0, "percent_statements_covered_display": "0"}, "missing_lines": [129, 130, 131, 132, 133], "excluded_lines": [], "start_line": 122}, "DuplicateGroupCollector.collect": {"executed_lines": [], "summary": {"covered_lines": 0, "num_statements": 11, "percent_covered": 0.0, "percent_covered_display": "0", "missing_lines": 11, "excluded_lines": 0, "percent_statements_covered": 0.0, "percent_statements_covered_display": "0"}, "missing_lines": [137, 139, 140, 143, 144, 147, 148, 149, 151, 152, 154], "excluded_lines": [], "start_line": 135}, "DuplicateGroupCollector.collect_sorted": {"executed_lines": [], "summary": {"covered_lines": 0, "num_statements": 2, "percent_covered": 0.0, "percent_covered_display": "0", "missing_lines": 2, "excluded_lines": 0, "percent_statements_covered": 0.0, "percent_statements_covered_display": "0"}, "missing_lines": [158, 159], "excluded_lines": [], "start_line": 156}, "": {"executed_lines": [3, 5, 6, 8, 9, 12, 40, 59, 89, 115, 122, 135, 156], "summary": {"covered_lines": 13, "num_statements": 13, "percent_covered": 100.0, "percent_covered_display": "100", "missing_lines": 0, "excluded_lines": 0, "percent_statements_covered": 100.0, "percent_statements_covered_display": "100"}, "missing_lines": [], "excluded_lines": [], "start_line": 1}}, "classes": {"DuplicateGroupCollector": {"executed_lines": [], "summary": {"covered_lines": 0, "num_statements": 18, "percent_covered": 0.0, "percent_covered_display": "0", "missing_lines": 18, "excluded_lines": 0, "percent_statements_covered": 0.0, "percent_statements_covered_display": "0"}, "missing_lines": [129, 130, 131, 132, 133, 137, 139, 140, 143, 144, 147, 148, 149, 151, 152, 154, 158, 159], "excluded_lines": [], "start_line": 115}, "": {"executed_lines": [3, 5, 6, 8, 9, 12, 26, 27, 28, 40, 45, 46, 47, 50, 54, 55, 56, 59, 65, 78, 80, 89, 108, 109, 111, 112, 115, 122, 135, 156], "summary": {"covered_lines": 30, "num_statements": 36, "percent_covered": 83.33333333333333, "percent_covered_display": "83", "missing_lines": 6, "excluded_lines": 0, "percent_statements_covered": 83.33333333333333, "percent_statements_covered_display": "83"}, "missing_lines": [31, 32, 35, 36, 37, 51], "excluded_lines": [], "start_line": 1}}}, "src/redup/core/lsh_matcher.py": {"executed_lines": [3, 5, 6, 8, 9, 14, 15, 18, 35, 67, 73, 76, 93, 103, 106, 116, 131, 165, 178, 208, 219], "summary": {"covered_lines": 21, "num_statements": 135, "percent_covered": 15.555555555555555, "percent_covered_display": "16", "missing_lines": 114, "excluded_lines": 0, "percent_statements_covered": 15.555555555555555, "percent_statements_covered_display": "16"}, "missing_lines": [10, 11, 12, 20, 21, 24, 25, 28, 29, 30, 32, 38, 39, 40, 41, 42, 45, 46, 47, 48, 51, 54, 55, 56, 59, 60, 61, 62, 64, 69, 70, 77, 78, 81, 82, 83, 85, 87, 88, 89, 91, 95, 96, 99, 100, 107, 108, 109, 110, 111, 113, 114, 118, 121, 122, 123, 124, 125, 128, 129, 133, 134, 137, 138, 139, 142, 143, 144, 146, 148, 149, 150, 151, 153, 154, 155, 156, 158, 159, 161, 163, 167, 168, 170, 171, 172, 173, 174, 176, 180, 181, 184, 186, 187, 188, 191, 193, 195, 196, 199, 200, 201, 202, 203, 205, 210, 212, 213, 214, 216, 221, 222, 224, 225], "excluded_lines": [], "functions": {"_create_minhash": {"executed_lines": [], "summary": {"covered_lines": 0, "num_statements": 8, "percent_covered": 0.0, "percent_covered_display": "0", "missing_lines": 8, "excluded_lines": 0, "percent_statements_covered": 0.0, "percent_statements_covered_display": "0"}, "missing_lines": [20, 21, 24, 25, 28, 29, 30, 32], "excluded_lines": [], "start_line": 18}, "_text_to_minhash_features": {"executed_lines": [], "summary": {"covered_lines": 0, "num_statements": 18, "percent_covered": 0.0, "percent_covered_display": "0", "missing_lines": 18, "excluded_lines": 0, "percent_statements_covered": 0.0, "percent_statements_covered_display": "0"}, "missing_lines": [38, 39, 40, 41, 42, 45, 46, 47, 48, 51, 54, 55, 56, 59, 60, 61, 62, 64], "excluded_lines": [], "start_line": 35}, "_create_simple_minhash": {"executed_lines": [], "summary": {"covered_lines": 0, "num_statements": 2, "percent_covered": 0.0, "percent_covered_display": "0", "missing_lines": 2, "excluded_lines": 0,
[...]
generate_metrics_report": {"executed_lines": [], "summary": {"covered_lines": 0, "num_statements": 2, "percent_covered": 0.0, "percent_covered_display": "0", "missing_lines": 2, "excluded_lines": 0, "percent_statements_covered": 0.0, "percent_statements_covered_display": "0"}, "missing_lines": [30, 38], "excluded_lines": [], "start_line": 28}, "EnhancedReporter._get_scan_metrics": {"executed_lines": [], "summary": {"covered_lines": 0, "num_statements": 1, "percent_covered": 0.0, "percent_covered_display": "0", "missing_lines": 1, "excluded_lines": 0, "percent_statements_covered": 0.0, "percent_statements_covered_display": "0"}, "missing_lines": [42], "excluded_lines": [], "start_line": 40}, "EnhancedReporter._get_duplication_metrics": {"executed_lines": [], "summary": {"covered_lines": 0, "num_statements": 5, "percent_covered": 0.0, "percent_covered_display": "0", "missing_lines": 5, "excluded_lines": 0, "percent_statements_covered": 0.0, "percent_statements_covered_display": "0"}, "missing_lines": [54, 55, 58, 61, 63], "excluded_lines": [], "start_line": 52}, "EnhancedReporter._get_language_metrics": {"executed_lines": [], "summary": {"covered_lines": 0, "num_statements": 14, "percent_covered": 0.0, "percent_covered_display": "0", "missing_lines": 14, "excluded_lines": 0, "percent_statements_covered": 0.0, "percent_statements_covered_display": "0"}, "missing_lines": [77, 84, 85, 86, 87, 88, 89, 91, 93, 94, 95, 98, 99, 101], "excluded_lines": [], "start_line": 75}, "EnhancedReporter._get_file_metrics": {"executed_lines": [], "summary": {"covered_lines": 0, "num_statements": 8, "percent_covered": 0.0, "percent_covered_display": "0", "missing_lines": 8, "excluded_lines": 0, "percent_statements_covered": 0.0, "percent_statements_covered_display": "0"}, "missing_lines": [105, 111, 112, 113, 114, 115, 118, 124], "excluded_lines": [], "start_line": 103}, "EnhancedReporter._get_complexity_metrics": {"executed_lines": [], "summary": {"covered_lines": 0, "num_statements": 3, "percent_covered": 0.0, "percent_covered_display": "0", "missing_lines": 3, "excluded_lines": 0, "percent_statements_covered": 0.0, "percent_statements_covered_display": "0"}, "missing_lines": [132, 133, 135], "excluded_lines": [], "start_line": 130}, "EnhancedReporter._get_refactoring_metrics": {"executed_lines": [], "summary": {"covered_lines": 0, "num_statements": 5, "percent_covered": 0.0, "percent_covered_display": "0", "missing_lines": 5, "excluded_lines": 0, "percent_statements_covered": 0.0, "percent_statements_covered_display": "0"}, "missing_lines": [145, 147, 148, 149, 151], "excluded_lines": [], "start_line": 143}, "EnhancedReporter._bucket_similarities": {"executed_lines": [], "summary": {"covered_lines": 0, "num_statements": 12, "percent_covered": 0.0, "percent_covered_display": "0", "missing_lines": 12, "excluded_lines": 0, "percent_statements_covered": 0.0, "percent_statements_covered_display": "0"}, "missing_lines": [162, 163, 164, 165, 166, 167, 168, 169, 170, 171, 173, 174], "excluded_lines": [], "start_line": 160}, "EnhancedReporter._bucket_group_sizes": {"executed_lines": [], "summary": {"covered_lines": 0, "num_statements": 10, "percent_covered": 0.0, "percent_covered_display": "0", "missing_lines": 10, "excluded_lines": 0, "percent_statements_covered": 0.0, "percent_statements_covered_display": "0"}, "missing_lines": [178, 179, 180, 181, 182, 183, 184, 185, 187, 188], "excluded_lines": [], "start_line": 176}, "EnhancedReporter._calculate_complexity_score": {"executed_lines": [], "summary": {"covered_lines": 0, "num_statements": 8, "percent_covered": 0.0, "percent_covered_display": "0", "missing_lines": 8, "excluded_lines": 0, "percent_statements_covered": 0.0, "percent_statements_covered_display": "0"}, "missing_lines": [192, 193, 196, 197, 198, 199, 200, 202], "excluded_lines": [], "start_line": 190}, "EnhancedReporter.generate_visualization_data": {"executed_lines": [], "summary": {"covered_lines": 0, "num_statements": 1, "percent_covered": 0.0, "percent_covered_display": "0", "missing_lines": 1, "excluded_lines": 0, "percent_statements_covered": 0.0, "percent_statements_covered_display": "0"}, "missing_lines": [206], "excluded_lines": [], "start_line": 204}, "EnhancedReporter._get_duplication_chart_data": {"executed_lines": [], "summary": {"covered_lines": 0, "num_statements": 2, "percent_covered": 0.0, "percent_covered_display": "0", "missing_lines": 2, "excluded_lines": 0, "percent_statements_covered": 0.0, "percent_statements_covered_display": "0"}, "missing_lines": [215, 216], "excluded_lines": [], "start_line": 213}, "EnhancedReporter._get_language_chart_data": {"executed_lines": [], "summary": {"covered_lines": 0, "num_statements": 2, "percent_covered": 0.0, "percent_covered_display": "0", "missing_lines": 2, "excluded_lines": 0, "percent_statements_covered": 0.0, "percent_statements_covered_display": "0"}, "missing_lines": [224, 225], "excluded_lines": [], "start_line": 222}, "EnhancedReporter._get_file_chart_data": {"executed_lines": [], "summary": {"covered_lines": 0, "num_statements": 3, "percent_covered": 0.0, "percent_covered_display": "0", "missing_lines": 3, "excluded_lines": 0, "percent_statements_covered": 0.0, "percent_statements_covered_display": "0"}, "missing_lines": [233, 234, 236], "excluded_lines": [], "start_line": 231}, "EnhancedReporter._get_timeline_data": {"executed_lines": [], "summary": {"covered_lines": 0, "num_statements": 1, "percent_covered": 0.0, "percent_covered_display": "0", "missing_lines": 1, "excluded_lines": 0, "percent_statements_covered": 0.0, "percent_statements_covered_display": "0"}, "missing_lines": [244], "excluded_lines": [], "start_line": 242}, "EnhancedReporter.save_enhanced_report": {"executed_lines": [], "summary": {"covered_lines": 0, "num_statements": 3, "percent_covered": 0.0, "percent_covered_display": "0", "missing_lines": 3, "excluded_lines": 0, "percent_statements_covered": 0.0, "percent_statements_covered_display": "0"}, "missing_lines": [252, 273, 274], "excluded_lines": [], "start_line": 250}, "": {"executed_lines": [3, 5, 6, 7, 8, 9, 11, 20, 23, 28, 40, 52, 75, 103, 130, 143, 160, 176, 190, 204, 213, 222, 231, 242, 250], "summary": {"covered_lines": 25, "num_statements": 25, "percent_covered": 100.0, "percent_covered_display": "100", "missing_lines": 0, "excluded_lines": 0, "percent_statements_covered": 100.0, "percent_statements_covered_display": "100"}, "missing_lines": [], "excluded_lines": [], "start_line": 1}}, "classes": {"EnhancedReporter": {"executed_lines": [], "summary": {"covered_lines": 0, "num_statements": 83, "percent_covered": 0.0, "percent_covered_display": "0", "missing_lines": 83, "excluded_lines": 0, "percent_statements_covered": 0.0, "percent_statements_covered_display": "0"}, "missing_lines": [24, 25, 26, 30, 38, 42, 54, 55, 58, 61, 63, 77, 84, 85, 86, 87, 88, 89, 91, 93, 94, 95, 98, 99, 101, 105, 111, 112, 113, 114, 115, 118, 124, 132, 133, 135, 145, 147, 148, 149, 151, 162, 163, 164, 165, 166, 167, 168, 169, 170, 171, 173, 174, 178, 179, 180, 181, 182, 183, 184, 185, 187, 188, 192, 193, 196, 197, 198, 199, 200, 202, 206, 215, 216, 224, 225, 233, 234, 236, 244, 252, 273, 274], "excluded_lines": [], "start_line": 20}, "": {"executed_lines": [3, 5, 6, 7, 8, 9, 11, 20, 23, 28, 40, 52, 75, 103, 130, 143, 160, 176, 190, 204, 213, 222, 231, 242, 250], "summary": {"covered_lines": 25, "num_statements": 25, "percent_covered": 100.0, "percent_covered_display": "100", "missing_lines": 0, "excluded_lines": 0, "percent_statements_covered": 100.0, "percent_statements_covered_display": "100"}, "missing_lines": [], "excluded_lines": [], "start_line": 1}}}, "src/redup/reporters/json_reporter.py": {"executed_lines": [3, 5, 6, 8, 11, 12, 13, 14, 23, 26, 28, 42, 43, 55, 57, 73], "summary": {"covered_lines": 16, "num_statements": 17, "percent_covered": 94.11764705882354, "percent_covered_display": "94", "missing_lines": 1, "excluded_lines": 0, "percent_statements_covered": 94.11764705882354, "percent_statements_covered_display": "94"}, "missing_lines": [24], "excluded_lines": [], "functions": {"_group_to_dict": {"executed_lines": [12, 13, 14, 23, 26, 28], "summary": {"covered_lines": 6, "num_statements": 7, "percent_covered": 85.71428571428571, "percent_covered_display": "86", "missing_lines": 1, "excluded_lines": 0, "percent_statements_covered": 85.71428571428571, "percent_statements_covered_display": "86"}, "missing_lines": [24], "excluded_lines": [], "start_line": 11}, "_suggestion_to_dict": {"executed_lines": [43], "summary": {"covered_lines": 1, "num_statements": 1, "percent_covered": 100.0, "percent_covered_display": "100", "missing_lines": 0, "excluded_lines": 0, "percent_statements_covered": 100.0, "percent_statements_covered_display": "100"}, "missing_lines": [], "excluded_lines": [], "start_line": 42}, "to_json": {"executed_lines": [57, 73], "summary": {"covered_lines": 2, "num_statements": 2, "percent_covered": 100.0, "percent_covered_display": "100", "missing_lines": 0, "excluded_lines": 0, "percent_statements_covered": 100.0, "percent_statements_covered_display": "100"}, "missing_lines": [], "excluded_lines": [], "start_line": 55}, "": {"executed_lines": [3, 5, 6, 8, 11, 42, 55], "summary": {"covered_lines": 7, "num_statements": 7, "percent_covered": 100.0, "percent_covered_display": "100", "missing_lines": 0, "excluded_lines": 0, "percent_statements_covered": 100.0, "percent_statements_covered_display": "100"}, "missing_lines": [], "excluded_lines": [], "start_line": 1}}, "classes": {"": {"executed_lines": [3, 5, 6, 8, 11, 12, 13, 14, 23, 26, 28, 42, 43, 55, 57, 73], "summary": {"covered_lines": 16, "num_statements": 17, "percent_covered": 94.11764705882354, "percent_covered_display": "94", "missing_lines": 1, "excluded_lines": 0, "percent_statements_covered": 94.11764705882354, "percent_statements_covered_display": "94"}, "missing_lines": [24], "excluded_lines": [], "start_line": 1}}}, "src/redup/reporters/markdown_reporter.py": {"executed_lines": [3, 5, 7, 10, 12, 15, 16, 17, 18, 19, 22, 23, 24, 25, 26, 27, 28, 29, 30, 31, 32, 34, 40, 41, 43, 44, 45, 47, 48, 49, 50, 51, 52, 53, 54, 55, 57, 58, 59, 60, 61, 62, 63, 66, 67, 68, 70, 71, 73, 74, 75, 76, 77, 78, 80, 81, 82, 83, 86, 87, 88, 90], "summary": {"covered_lines": 62, "num_statements": 65, "percent_covered": 95.38461538461539, "percent_covered_display": "95", "missing_lines": 3, "excluded_lines": 0, "percent_statements_covered": 95.38461538461539, "percent_statements_covered_display": "95"}, "missing_lines": [35, 36, 37], "excluded_lines": [], "functions": {"to_markdown": {"executed_lines": [12, 15, 16, 17, 18, 19, 22, 23, 24, 25, 26, 27, 28, 29, 30, 31, 32, 34, 40, 41, 43, 44, 45, 47, 48, 49, 50, 51, 52, 53, 54, 55, 57, 58, 59, 60, 61, 62, 63, 66, 67, 68, 70, 71, 73, 74, 75, 76, 77, 78, 80, 81, 82, 83, 86, 87, 88, 90], "summary": {"covered_lines": 58, "num_statements": 61, "percent_covered": 95.08196721311475, "percent_covered_display": "95", "missing_lines": 3, "excluded_lines": 0, "percent_statements_covered": 95.08196721311475, "percent_statements_covered_display": "95"}, "missing_lines": [35, 36, 37], "excluded_lines": [], "start_line": 10}, "": {"executed_lines": [3, 5, 7, 10], "summary": {"covered_lines": 4, "num_statements": 4, "percent_covered": 100.0, "percent_covered_display": "100", "missing_lines": 0, "excluded_lines": 0, "percent_statements_covered": 100.0, "percent_statements_covered_display": "100"}, "missing_lines": [], "excluded_lines": [], "start_line": 1}}, "classes": {"": {"executed_lines": [3, 5, 7, 10, 12, 15, 16, 17, 18, 19, 22, 23, 24, 25, 26, 27, 28, 29, 30, 31, 32, 34, 40, 41, 43, 44, 45, 47, 48, 49, 50, 51, 52, 53, 54, 55, 57, 58, 59, 60, 61, 62, 63, 66, 67, 68, 70, 71, 73, 74, 75, 76, 77, 78, 80, 81, 82, 83, 86, 87, 88, 90], "summary": {"covered_lines": 62, "num_statements": 65, "percent_covered": 95.38461538461539, "percent_covered_display": "95", "missing_lines": 3, "excluded_lines": 0, "percent_statements_covered": 95.38461538461539, "percent_statements_covered_display": "95"}, "missing_lines": [35, 36, 37], "excluded_lines": [], "start_line": 1}}}, "src/redup/reporters/toon_reporter.py": {"executed_lines": [3, 5, 7, 10, 12, 13, 20, 22, 34, 36, 38, 39, 40, 41, 42, 43, 44, 49, 50, 51, 52, 54, 57, 59, 61, 62, 63, 64, 65, 68, 69, 70, 72, 73, 75, 78, 80, 82, 83, 84, 85, 86, 88, 91, 96, 98, 106], "summary": {"covered_lines": 47, "num_statements": 48, "percent_covered": 97.91666666666667, "percent_covered_display": "98", "missing_lines": 1, "excluded_lines": 0, "percent_statements_covered": 97.91666666666667, "percent_statements_covered_display": "98"}, "missing_lines": [71], "excluded_lines": [], "functions": {"_render_header": {"executed_lines": [12, 13], "summary": {"covered_lines": 2, "num_statements": 2, "percent_covered": 100.0, "percent_covered_display": "100", "missing_lines": 0, "excluded_lines": 0, "percent_statements_covered": 100.0, "percent_statements_covered_display": "100"}, "missing_lines": [], "excluded_lines": [], "start_line": 10}, "_render_summary": {"executed_lines": [22], "summary": {"covered_lines": 1, "num_statements": 1, "percent_covered": 100.0, "percent_covered_display": "100", "missing_lines": 0, "excluded_lines": 0, "percent_statements_covered": 100.0, "percent_statements_covered_display": "100"}, "missing_lines": [], "excluded_lines": [], "start_line": 20}, "_render_duplicates": {"executed_lines": [36, 38, 39, 40, 41, 42, 43, 44, 49, 50, 51, 52, 54], "summary": {"covered_lines": 13, "num_statements": 13, "percent_covered": 100.0, "percent_covered_display": "100", "missing_lines": 0, "excluded_lines": 0, "percent_statements_covered": 100.0, "percent_statements_covered_display": "100"}, "missing_lines": [], "excluded_lines": [], "start_line": 34}, "_render_refactor": {"executed_lines": [59, 61, 62, 63, 64, 65, 68, 69, 70, 72, 73, 75], "summary": {"covered_lines": 12, "num_statements": 13, "percent_covered": 92.3076923076923, "percent_covered_display": "92", "missing_lines": 1, "excluded_lines": 0, "percent_statements_covered": 92.3076923076923, "percent_statements_covered_display": "92"}, "missing_lines": [71], "excluded_lines": [], "start_line": 57}, "_render_metrics_target": {"executed_lines": [80, 82, 83, 84, 85, 86, 88], "summary": {"covered_lines": 7, "num_statements": 7, "percent_covered": 100.0, "percent_covered_display": "100", "missing_lines": 0, "excluded_lines": 0, "percent_statements_covered": 100.0, "percent_statements_covered_display": "100"}, "missing_lines": [], "excluded_lines": [], "start_line": 78}, "to_toon": {"executed_lines": [96, 98, 106], "summary": {"covered_lines": 3, "num_statements": 3, "percent_covered": 100.0, "percent_covered_display": "100", "missing_lines": 0, "excluded_lines": 0, "percent_statements_covered": 100.0, "percent_statements_covered_display": "100"}, "missing_lines": [], "excluded_lines": [], "start_line": 91}, "": {"executed_lines": [3, 5, 7, 10, 20, 34, 57, 78, 91], "summary": {"covered_lines": 9, "num_statements": 9, "percent_covered": 100.0, "percent_covered_display": "100", "missing_lines": 0, "excluded_lines": 0, "percent_statements_covered": 100.0, "percent_statements_covered_display": "100"}, "missing_lines": [], "excluded_lines": [], "start_line": 1}}, "classes": {"": {"executed_lines": [3, 5, 7, 10, 12, 13, 20, 22, 34, 36, 38, 39, 40, 41, 42, 43, 44, 49, 50, 51, 52, 54, 57, 59, 61, 62, 63, 64, 65, 68, 69, 70, 72, 73, 75, 78, 80, 82, 83, 84, 85, 86, 88, 91, 96, 98, 106], "summary": {"covered_lines": 47, "num_statements": 48, "percent_covered": 97.91666666666667, "percent_covered_display": "98", "missing_lines": 1, "excluded_lines": 0, "percent_statements_covered": 97.91666666666667, "percent_statements_covered_display": "98"}, "missing_lines": [71], "excluded_lines": [], "start_line": 1}}}, "src/redup/reporters/yaml_reporter.py": {"executed_lines": [3, 5, 8, 10, 11, 15, 17, 34], "summary": {"covered_lines": 8, "num_statements": 10, "percent_covered": 80.0, "percent_covered_display": "80", "missing_lines": 2, "excluded_lines": 0, "percent_statements_covered": 80.0, "percent_statements_covered_display": "80"}, "missing_lines": [12, 13], "excluded_lines": [], "functions": {"to_yaml": {"executed_lines": [10, 11, 15, 17, 34], "summary": {"covered_lines": 5, "num_statements": 7, "percent_covered": 71.42857142857143, "percent_covered_display": "71", "missing_lines": 2, "excluded_lines": 0, "percent_statements_covered": 71.42857142857143, "percent_statements_covered_display": "71"}, "missing_lines": [12, 13], "excluded_lines": [], "start_line": 8}, "": {"executed_lines": [3, 5, 8], "summary": {"covered_lines": 3, "num_statements": 3, "percent_covered": 100.0, "percent_covered_display": "100", "missing_lines": 0, "excluded_lines": 0, "percent_statements_covered": 100.0, "percent_statements_covered_display": "100"}, "missing_lines": [], "excluded_lines": [], "start_line": 1}}, "classes": {"": {"executed_lines": [3, 5, 8, 10, 11, 15, 17, 34], "summary": {"covered_lines": 8, "num_statements": 10, "percent_covered": 80.0, "percent_covered_display": "80", "missing_lines": 2, "excluded_lines": 0, "percent_statements_covered": 80.0, "percent_statements_covered_display": "80"}, "missing_lines": [12, 13], "excluded_lines": [], "start_line": 1}}}, "src/redup/utils.py": {"executed_lines": [], "summary": {"covered_lines": 0, "num_statements": 41, "percent_covered": 0.0, "percent_covered_display": "0", "missing_lines": 41, "excluded_lines": 0, "percent_statements_covered": 0.0, "percent_statements_covered_display": "0"}, "missing_lines": [1, 2, 3, 4, 5, 6, 8, 9, 11, 13, 14, 15, 16, 17, 18, 19, 20, 21, 22, 23, 24, 26, 27, 28, 29, 30, 31, 32, 34, 35, 36, 37, 38, 40, 41, 42, 43, 44, 45, 46, 47], "excluded_lines": [], "functions": {"_json_safe": {"executed_lines": [], "summary": {"covered_lines": 0, "num_statements": 11, "percent_covered": 0.0, "percent_covered_display": "0", "missing_lines": 11, "excluded_lines": 0, "percent_statements_covered": 0.0, "percent_statements_covered_display": "0"}, "missing_lines": [14, 15, 16, 17, 18, 19, 20, 21, 22, 23, 24], "excluded_lines": [], "start_line": 13}, "_resolve_path": {"executed_lines": [], "summary": {"covered_lines": 0, "num_statements": 6, "percent_covered": 0.0, "percent_covered_display": "0", "missing_lines": 6, "excluded_lines": 0, "percent_statements_covered": 0.0, "percent_statements_covered_display": "0"}, "missing_lines": [27, 28, 29, 30, 31, 32], "excluded_lines": [], "start_line": 26}, "_parse_extensions": {"executed_lines": [], "summary": {"covered_lines": 0, "num_statements": 12, "percent_covered": 0.0, "percent_covered_display": "0", "missing_lines": 12, "excluded_lines": 0, "percent_statements_covered": 0.0, "percent_statements_covered_display": "0"}, "missing_lines": [35, 36, 37, 38, 40, 41, 42, 43, 44, 45, 46, 47], "excluded_lines": [], "start_line": 34}, "": {"executed_lines": [], "summary": {"covered_lines": 0, "num_statements": 12, "percent_covered": 0.0, "percent_covered_display": "0", "missing_lines": 12, "excluded_lines": 0, "percent_statements_covered": 0.0, "percent_statements_covered_display": "0"}, "missing_lines": [1, 2, 3, 4, 5, 6, 8, 9, 11, 13, 26, 34], "excluded_lines": [], "start_line": 1}}, "classes": {"": {"executed_lines": [], "summary": {"covered_lines": 0, "num_statements": 41, "percent_covered": 0.0, "percent_covered_display": "0", "missing_lines": 41, "excluded_lines": 0, "percent_statements_covered": 0.0, "percent_statements_covered_display": "0"}, "missing_lines": [1, 2, 3, 4, 5, 6, 8, 9, 11, 13, 14, 15, 16, 17, 18, 19, 20, 21, 22, 23, 24, 26, 27, 28, 29, 30, 31, 32, 34, 35, 36, 37, 38, 40, 41, 42, 43, 44, 45, 46, 47], "excluded_lines": [], "start_line": 1}}}}, "totals": {"covered_lines": 1626, "num_statements": 3794, "percent_covered": 42.857142857142854, "percent_covered_display": "43", "missing_lines": 2168, "excluded_lines": 8, "percent_statements_covered": 42.857142857142854, "percent_statements_covered_display": "43"}}